  [4;36;1mSQL (0.3ms)[0m   [0;1mSET NAMES 'utf8'[0m
  [4;35;1mSQL (0.2ms)[0m   [0mSET SQL_AUTO_IS_NULL=0[0m
  [4;36;1mSQL (1.0ms)[0m   [0;1mSHOW TABLES[0m
  [4;35;1mSource Columns (36.5ms)[0m   [0mSHOW FIELDS FROM `sources`[0m
  [4;36;1mSQL (1.0ms)[0m   [0;1mSHOW TABLES[0m
  [4;35;1mAuthor Columns (1.8ms)[0m   [0mSHOW FIELDS FROM `authors`[0m
  [4;36;1mSQL (22.7ms)[0m   [0;1mSET NAMES 'utf8'[0m
  [4;35;1mSQL (14.0ms)[0m   [0mSET SQL_AUTO_IS_NULL=0[0m
  [4;36;1mSQL (0.7ms)[0m   [0;1mSHOW TABLES[0m
  [4;35;1mSQL (10.6ms)[0m   [0mSELECT version FROM schema_migrations[0m
  [4;36;1mSQL (35.4ms)[0m   [0;1mSET NAMES 'utf8'[0m
  [4;35;1mSQL (0.8ms)[0m   [0mSET SQL_AUTO_IS_NULL=0[0m


Processing LanguagesController#index (for 127.0.0.1 at 2009-10-07 10:25:26) [GET]
  [4;36;1mLanguage Load (26.7ms)[0m   [0;1mSELECT * FROM `languages` [0m
Rendering template within layouts/languages
Rendering languages/index
  [4;35;1mLanguage Columns (34.1ms)[0m   [0mSHOW FIELDS FROM `languages`[0m
Completed in 1263ms (View: 1192, DB: 97) | 200 OK [http://localhost/languages]
  [4;36;1mSQL (0.1ms)[0m   [0;1mSET NAMES 'utf8'[0m
  [4;35;1mSQL (0.1ms)[0m   [0mSET SQL_AUTO_IS_NULL=0[0m


Processing LanguagesController#show (for 127.0.0.1 at 2009-10-07 10:25:30) [GET]
  Parameters: {"id"=>"185"}
  [4;36;1mLanguage Load (47.7ms)[0m   [0;1mSELECT * FROM `languages` WHERE (`languages`.`id` = 185) [0m
Rendering template within layouts/languages
Rendering languages/show
Completed in 63ms (View: 10, DB: 48) | 200 OK [http://localhost/languages/185]
  [4;35;1mSQL (0.1ms)[0m   [0mSET NAMES 'utf8'[0m
  [4;36;1mSQL (0.1ms)[0m   [0;1mSET SQL_AUTO_IS_NULL=0[0m


Processing LanguagesController#edit (for 127.0.0.1 at 2009-10-07 10:25:35) [GET]
  Parameters: {"id"=>"185"}
  [4;35;1mLanguage Load (0.2ms)[0m   [0mSELECT * FROM `languages` WHERE (`languages`.`id` = 185) [0m
Rendering template within layouts/languages
Rendering languages/edit
Completed in 18ms (View: 13, DB: 0) | 200 OK [http://localhost/languages/185/edit]
  [4;36;1mSQL (0.2ms)[0m   [0;1mSET NAMES 'utf8'[0m
  [4;35;1mSQL (0.2ms)[0m   [0mSET SQL_AUTO_IS_NULL=0[0m


Processing LanguagesController#update (for 127.0.0.1 at 2009-10-07 10:25:55) [PUT]
  Parameters: {"commit"=>"Update", "authenticity_token"=>"76XhB/OBF7Wy3rVoxpcHG0EbumY1/PCJtJrBdAcIMCs=", "id"=>"185"}
  [4;36;1mLanguage Load (0.2ms)[0m   [0;1mSELECT * FROM `languages` WHERE (`languages`.`id` = 185) [0m
  [4;35;1mSQL (0.1ms)[0m   [0mBEGIN[0m
  [4;36;1mSQL (0.1ms)[0m   [0;1mCOMMIT[0m
Redirected to http://localhost:3000/languages/185
Completed in 7ms (DB: 1) | 302 Found [http://localhost/languages/185]
  [4;35;1mSQL (0.1ms)[0m   [0mSET NAMES 'utf8'[0m
  [4;36;1mSQL (0.1ms)[0m   [0;1mSET SQL_AUTO_IS_NULL=0[0m


Processing LanguagesController#show (for 127.0.0.1 at 2009-10-07 10:25:55) [GET]
  Parameters: {"id"=>"185"}
  [4;35;1mLanguage Load (0.2ms)[0m   [0mSELECT * FROM `languages` WHERE (`languages`.`id` = 185) [0m
Rendering template within layouts/languages
Rendering languages/show
Completed in 8ms (View: 2, DB: 0) | 200 OK [http://localhost/languages/185]
  [4;36;1mSQL (21.5ms)[0m   [0;1mSET NAMES 'utf8'[0m
  [4;35;1mSQL (9.9ms)[0m   [0mSET SQL_AUTO_IS_NULL=0[0m


Processing LanguagesController#show (for 127.0.0.1 at 2009-10-07 21:52:27) [GET]
  Parameters: {"id"=>"1"}
  [4;36;1mLanguage Columns (43.2ms)[0m   [0;1mSHOW FIELDS FROM `languages`[0m
  [4;35;1mLanguage Load (8.5ms)[0m   [0mSELECT * FROM `languages` WHERE (`languages`.`id` = 1) [0m

ActiveRecord::RecordNotFound (Couldn't find Language with ID=1):
  app/controllers/languages_controller.rb:16:in `show'
  /usr/lib/ruby/1.8/webrick/httpserver.rb:104:in `service'
  /usr/lib/ruby/1.8/webrick/httpserver.rb:65:in `run'
  /usr/lib/ruby/1.8/webrick/server.rb:173:in `start_thread'
  /usr/lib/ruby/1.8/webrick/server.rb:162:in `start'
  /usr/lib/ruby/1.8/webrick/server.rb:162:in `start_thread'
  /usr/lib/ruby/1.8/webrick/server.rb:95:in `start'
  /usr/lib/ruby/1.8/webrick/server.rb:92:in `each'
  /usr/lib/ruby/1.8/webrick/server.rb:92:in `start'
  /usr/lib/ruby/1.8/webrick/server.rb:23:in `start'
  /usr/lib/ruby/1.8/webrick/server.rb:82:in `start'

Rendered rescues/_trace (144.3ms)
Rendered rescues/_request_and_response (6.7ms)
Rendering rescues/layout (not_found)
  [4;36;1mSQL (0.4ms)[0m   [0;1mSET NAMES 'utf8'[0m
  [4;35;1mSQL (0.2ms)[0m   [0mSET SQL_AUTO_IS_NULL=0[0m
  [4;36;1mLanguage Load (41.2ms)[0m   [0;1mSELECT * FROM `languages` LIMIT 1[0m
  [4;35;1mLanguage Columns (1.6ms)[0m   [0mSHOW FIELDS FROM `languages`[0m
  [4;36;1mLanguage Load (0.6ms)[0m   [0;1mSELECT * FROM `languages` ORDER BY languages.id DESC LIMIT 1[0m
  [4;35;1mLanguage Load (1.9ms)[0m   [0mSELECT * FROM `languages` ORDER BY id ASC[0m
  [4;36;1mLanguage Load (0.5ms)[0m   [0;1mSELECT * FROM `languages` ORDER BY id ASC[0m
  [4;36;1mSQL (0.2ms)[0m   [0;1mSET NAMES 'utf8'[0m
  [4;35;1mSQL (0.2ms)[0m   [0mSET SQL_AUTO_IS_NULL=0[0m


Processing LanguagesController#show (for 127.0.0.1 at 2009-10-07 21:53:32) [GET]
  Parameters: {"id"=>"185"}
  [4;36;1mLanguage Load (27.6ms)[0m   [0;1mSELECT * FROM `languages` WHERE (`languages`.`id` = 185) [0m
Rendering template within layouts/languages
Rendering languages/show
Completed in 304ms (View: 260, DB: 28) | 200 OK [http://localhost/languages/185]
  [4;35;1mSQL (0.2ms)[0m   [0mSET NAMES 'utf8'[0m
  [4;36;1mSQL (0.2ms)[0m   [0;1mSET SQL_AUTO_IS_NULL=0[0m


Processing LanguagesController#show to xml (for 127.0.0.1 at 2009-10-07 21:53:41) [GET]
  Parameters: {"id"=>"185"}
  [4;35;1mLanguage Load (0.3ms)[0m   [0mSELECT * FROM `languages` WHERE (`languages`.`id` = 185) [0m
Completed in 28ms (View: 13, DB: 1) | 200 OK [http://localhost/languages/185.xml]
  [4;36;1mSQL (0.3ms)[0m   [0;1mSET NAMES 'utf8'[0m
  [4;35;1mSQL (0.3ms)[0m   [0mSET SQL_AUTO_IS_NULL=0[0m


Processing LanguagesController#index to xml (for 127.0.0.1 at 2009-10-07 21:54:17) [GET]
  [4;36;1mLanguage Load (1.9ms)[0m   [0;1mSELECT * FROM `languages` [0m
Completed in 324ms (View: 299, DB: 3) | 200 OK [http://localhost/languages.xml]
  [4;35;1mSQL (0.2ms)[0m   [0mSET NAMES 'utf8'[0m
  [4;36;1mSQL (0.2ms)[0m   [0;1mSET SQL_AUTO_IS_NULL=0[0m


Processing LanguagesController#new (for 127.0.0.1 at 2009-10-07 21:55:54) [GET]
Rendering template within layouts/languages
Rendering languages/new
Completed in 66ms (View: 53, DB: 0) | 200 OK [http://localhost/languages/new]
  [4;35;1mSQL (0.2ms)[0m   [0mSET NAMES 'utf8'[0m
  [4;36;1mSQL (0.2ms)[0m   [0;1mSET SQL_AUTO_IS_NULL=0[0m


Processing LanguagesController#new to xml (for 127.0.0.1 at 2009-10-07 21:55:58) [GET]
Completed in 19ms (View: 5, DB: 0) | 200 OK [http://localhost/languages/new.xml]
  [4;35;1mSQL (0.2ms)[0m   [0mSET NAMES 'utf8'[0m
  [4;36;1mSQL (0.2ms)[0m   [0;1mSET SQL_AUTO_IS_NULL=0[0m


Processing LanguagesController#edit to xml (for 127.0.0.1 at 2009-10-07 21:57:33) [GET]
  Parameters: {"id"=>"185"}
  [4;35;1mLanguage Load (0.6ms)[0m   [0mSELECT * FROM `languages` WHERE (`languages`.`id` = 185) [0m

ActionView::MissingTemplate (Missing template languages/edit.erb in view path app/views):
  /usr/lib/ruby/1.8/webrick/httpserver.rb:104:in `service'
  /usr/lib/ruby/1.8/webrick/httpserver.rb:65:in `run'
  /usr/lib/ruby/1.8/webrick/server.rb:173:in `start_thread'
  /usr/lib/ruby/1.8/webrick/server.rb:162:in `start'
  /usr/lib/ruby/1.8/webrick/server.rb:162:in `start_thread'
  /usr/lib/ruby/1.8/webrick/server.rb:95:in `start'
  /usr/lib/ruby/1.8/webrick/server.rb:92:in `each'
  /usr/lib/ruby/1.8/webrick/server.rb:92:in `start'
  /usr/lib/ruby/1.8/webrick/server.rb:23:in `start'
  /usr/lib/ruby/1.8/webrick/server.rb:82:in `start'

Rendering rescues/layout (internal_server_error)
  [4;36;1mSQL (0.2ms)[0m   [0;1mSET NAMES 'utf8'[0m
  [4;35;1mSQL (0.3ms)[0m   [0mSET SQL_AUTO_IS_NULL=0[0m


Processing LanguagesController#edit (for 127.0.0.1 at 2009-10-07 21:57:47) [GET]
  Parameters: {"id"=>"185"}
  [4;36;1mLanguage Load (0.3ms)[0m   [0;1mSELECT * FROM `languages` WHERE (`languages`.`id` = 185) [0m
Rendering template within layouts/languages
Rendering languages/edit
Completed in 75ms (View: 60, DB: 1) | 200 OK [http://localhost/languages/185/edit]
  [4;35;1mSQL (0.2ms)[0m   [0mSET NAMES 'utf8'[0m
  [4;36;1mSQL (0.2ms)[0m   [0;1mSET SQL_AUTO_IS_NULL=0[0m


Processing LanguagesController#edit to xml (for 127.0.0.1 at 2009-10-07 21:57:54) [GET]
  Parameters: {"id"=>"185"}
  [4;35;1mLanguage Load (0.4ms)[0m   [0mSELECT * FROM `languages` WHERE (`languages`.`id` = 185) [0m

ActionView::MissingTemplate (Missing template languages/edit.erb in view path app/views):
  /usr/lib/ruby/1.8/webrick/httpserver.rb:104:in `service'
  /usr/lib/ruby/1.8/webrick/httpserver.rb:65:in `run'
  /usr/lib/ruby/1.8/webrick/server.rb:173:in `start_thread'
  /usr/lib/ruby/1.8/webrick/server.rb:162:in `start'
  /usr/lib/ruby/1.8/webrick/server.rb:162:in `start_thread'
  /usr/lib/ruby/1.8/webrick/server.rb:95:in `start'
  /usr/lib/ruby/1.8/webrick/server.rb:92:in `each'
  /usr/lib/ruby/1.8/webrick/server.rb:92:in `start'
  /usr/lib/ruby/1.8/webrick/server.rb:23:in `start'
  /usr/lib/ruby/1.8/webrick/server.rb:82:in `start'

Rendering rescues/layout (internal_server_error)
  [4;36;1mSQL (0.2ms)[0m   [0;1mSET NAMES 'utf8'[0m
  [4;35;1mSQL (0.2ms)[0m   [0mSET SQL_AUTO_IS_NULL=0[0m


Processing LanguagesController#new (for 127.0.0.1 at 2009-10-07 21:59:47) [GET]
Rendering template within layouts/languages
Rendering languages/new
Completed in 27ms (View: 12, DB: 0) | 200 OK [http://localhost/languages/new]
  [4;36;1mSQL (0.2ms)[0m   [0;1mSET NAMES 'utf8'[0m
  [4;35;1mSQL (0.2ms)[0m   [0mSET SQL_AUTO_IS_NULL=0[0m


Processing LanguagesController#new (for 127.0.0.1 at 2009-10-07 22:01:36) [GET]
Rendering template within layouts/languages
Rendering languages/new
Completed in 45ms (View: 32, DB: 0) | 200 OK [http://localhost/languages/new]
  [4;36;1mSQL (0.2ms)[0m   [0;1mSET NAMES 'utf8'[0m
  [4;35;1mSQL (0.2ms)[0m   [0mSET SQL_AUTO_IS_NULL=0[0m


Processing LanguagesController#create (for 127.0.0.1 at 2009-10-07 22:01:50) [POST]
  Parameters: {"commit"=>"Create", "language"=>{"name"=>"bb"}, "authenticity_token"=>"jDEHXDCeVGBcvJQ+6j5PHS/BJbzqC2e7iOa83TVbW+0="}
  [4;36;1mSQL (0.4ms)[0m   [0;1mBEGIN[0m
  [4;35;1mLanguage Create (107.3ms)[0m   [0mINSERT INTO `languages` (`name`, `code`) VALUES('bb', '')[0m
  [4;36;1mSQL (22.0ms)[0m   [0;1mCOMMIT[0m
Redirected to http://localhost:3000/languages/369
Completed in 163ms (DB: 130) | 302 Found [http://localhost/languages]
  [4;35;1mSQL (0.2ms)[0m   [0mSET NAMES 'utf8'[0m
  [4;36;1mSQL (0.2ms)[0m   [0;1mSET SQL_AUTO_IS_NULL=0[0m


Processing LanguagesController#show (for 127.0.0.1 at 2009-10-07 22:01:51) [GET]
  Parameters: {"id"=>"369"}
  [4;35;1mLanguage Load (0.7ms)[0m   [0mSELECT * FROM `languages` WHERE (`languages`.`id` = 369) [0m
Rendering template within layouts/languages
Rendering languages/show
Completed in 24ms (View: 8, DB: 1) | 200 OK [http://localhost/languages/369]
  [4;36;1mSQL (0.4ms)[0m   [0;1mSET NAMES 'utf8'[0m
  [4;35;1mSQL (0.3ms)[0m   [0mSET SQL_AUTO_IS_NULL=0[0m
  [4;36;1mLanguage Delete all (9.5ms)[0m   [0;1mDELETE FROM `languages` WHERE (`id` IN (369)) [0m
  [4;36;1mSQL (0.2ms)[0m   [0;1mSET NAMES 'utf8'[0m
  [4;35;1mSQL (0.2ms)[0m   [0mSET SQL_AUTO_IS_NULL=0[0m


Processing LanguagesController#new (for 127.0.0.1 at 2009-10-07 22:02:43) [GET]
Rendering template within layouts/languages
Rendering languages/new
Completed in 48ms (View: 36, DB: 0) | 200 OK [http://localhost/languages/new]
  [4;36;1mSQL (0.2ms)[0m   [0;1mSET NAMES 'utf8'[0m
  [4;35;1mSQL (0.3ms)[0m   [0mSET SQL_AUTO_IS_NULL=0[0m


Processing LanguagesController#create (for 127.0.0.1 at 2009-10-07 22:02:58) [POST]
  Parameters: {"commit"=>"Create", "language"=>{"name"=>"kkk", "id"=>"369"}, "authenticity_token"=>"jDEHXDCeVGBcvJQ+6j5PHS/BJbzqC2e7iOa83TVbW+0="}
WARNING: Can't mass-assign these protected attributes: id
  [4;36;1mSQL (0.3ms)[0m   [0;1mBEGIN[0m
  [4;35;1mLanguage Create (0.7ms)[0m   [0mINSERT INTO `languages` (`name`, `code`) VALUES('kkk', '')[0m
  [4;36;1mSQL (4.8ms)[0m   [0;1mCOMMIT[0m
Redirected to http://localhost:3000/languages/370
Completed in 29ms (DB: 6) | 302 Found [http://localhost/languages]
  [4;35;1mSQL (0.3ms)[0m   [0mSET NAMES 'utf8'[0m
  [4;36;1mSQL (0.2ms)[0m   [0;1mSET SQL_AUTO_IS_NULL=0[0m


Processing LanguagesController#show (for 127.0.0.1 at 2009-10-07 22:02:59) [GET]
  Parameters: {"id"=>"370"}
  [4;35;1mLanguage Load (0.7ms)[0m   [0mSELECT * FROM `languages` WHERE (`languages`.`id` = 370) [0m
Rendering template within layouts/languages
Rendering languages/show
Completed in 24ms (View: 8, DB: 1) | 200 OK [http://localhost/languages/370]
  [4;35;1mLanguage Columns (1.8ms)[0m   [0mSHOW FIELDS FROM `languages`[0m
  [4;36;1mLanguage Load (0.5ms)[0m   [0;1mSELECT * FROM `languages` WHERE (`languages`.`id` = 369) [0m
  [4;35;1mLanguage Load (0.3ms)[0m   [0mSELECT * FROM `languages` WHERE (`languages`.`id` = 370) [0m
  [4;36;1mSQL (1.1ms)[0m   [0;1mSHOW TABLES[0m
WARNING: Can't mass-assign these protected attributes: id
  [4;35;1mSQL (0.5ms)[0m   [0mBEGIN[0m
  [4;36;1mLanguage Create (0.6ms)[0m   [0;1mINSERT INTO `languages` (`name`, `code`) VALUES('mmm', 'fsdf')[0m
  [4;35;1mSQL (3.8ms)[0m   [0mCOMMIT[0m
WARNING: Can't mass-assign these protected attributes: id
  [4;36;1mSQL (0.2ms)[0m   [0;1mBEGIN[0m
  [4;35;1mLanguage Create (0.0ms)[0m   [0mMysql::Error: Duplicate entry 'fsdf' for key 2: INSERT INTO `languages` (`name`, `code`) VALUES('mmm', 'fsdf')[0m
  [4;36;1mSQL (6.2ms)[0m   [0;1mROLLBACK[0m
WARNING: Can't mass-assign these protected attributes: id
  [4;35;1mSQL (0.3ms)[0m   [0mBEGIN[0m
  [4;36;1mLanguage Create (0.0ms)[0m   [0;1mMysql::Error: Duplicate entry 'fsdf' for key 2: INSERT INTO `languages` (`name`, `code`) VALUES('mmm', 'fsdf')[0m
  [4;35;1mSQL (2.7ms)[0m   [0mROLLBACK[0m
WARNING: Can't mass-assign these protected attributes: id
  [4;36;1mSQL (0.3ms)[0m   [0;1mBEGIN[0m
  [4;35;1mLanguage Create (0.5ms)[0m   [0mINSERT INTO `languages` (`name`, `code`) VALUES('mmm', 'fsdfk')[0m
  [4;36;1mSQL (6.6ms)[0m   [0;1mCOMMIT[0m
WARNING: Can't mass-assign these protected attributes: id
  [4;35;1mSQL (0.5ms)[0m   [0mBEGIN[0m
  [4;36;1mLanguage Create (0.5ms)[0m   [0;1mINSERT INTO `languages` (`name`, `code`) VALUES('mmm', 'fsdfkk')[0m
  [4;35;1mSQL (2.5ms)[0m   [0mCOMMIT[0m
WARNING: Can't mass-assign these protected attributes: id
  [4;36;1mSQL (0.7ms)[0m   [0;1mBEGIN[0m
  [4;35;1mLanguage Create (0.7ms)[0m   [0mINSERT INTO `languages` (`name`, `code`) VALUES('mmm', 'fsdfkkk')[0m
  [4;36;1mSQL (2.6ms)[0m   [0;1mCOMMIT[0m
WARNING: Can't mass-assign these protected attributes: id
WARNING: Can't mass-assign these protected attributes: id
  [4;36;1mSQL (0.4ms)[0m   [0;1mSET NAMES 'utf8'[0m
  [4;35;1mSQL (0.2ms)[0m   [0mSET SQL_AUTO_IS_NULL=0[0m
  [4;36;1mLanguage Columns (1.8ms)[0m   [0;1mSHOW FIELDS FROM `languages`[0m
  [4;35;1mSQL (0.3ms)[0m   [0mBEGIN[0m
  [4;36;1mLanguage Create (0.6ms)[0m   [0;1mINSERT INTO `languages` (`name`, `code`, `id`) VALUES('677', '3434', 675)[0m
  [4;35;1mSQL (4.1ms)[0m   [0mCOMMIT[0m
WARNING: Can't mass-assign these protected attributes: id
  [4;36;1mSQL (0.2ms)[0m   [0;1mSET NAMES 'utf8'[0m
  [4;35;1mSQL (0.2ms)[0m   [0mSET SQL_AUTO_IS_NULL=0[0m


Processing LanguagesController#create to xml (for 127.0.0.1 at 2009-10-07 22:09:15) [POST]
  Parameters: {"commit"=>"Create", "language"=>{"name"=>"sdfasfdsdf", "id"=>"388"}, "authenticity_token"=>"jDEHXDCeVGBcvJQ+6j5PHS/BJbzqC2e7iOa83TVbW+0="}
WARNING: Can't mass-assign these protected attributes: id
  [4;36;1mSQL (0.3ms)[0m   [0;1mBEGIN[0m
  [4;35;1mLanguage Create (0.0ms)[0m   [0mMysql::Error: Duplicate entry '' for key 2: INSERT INTO `languages` (`name`, `code`) VALUES('sdfasfdsdf', '')[0m
  [4;36;1mSQL (30.2ms)[0m   [0;1mROLLBACK[0m

ActiveRecord::StatementInvalid (Mysql::Error: Duplicate entry '' for key 2: INSERT INTO `languages` (`name`, `code`) VALUES('sdfasfdsdf', '')):
  app/controllers/languages_controller.rb:46:in `create'
  app/controllers/languages_controller.rb:45:in `create'
  /usr/lib/ruby/1.8/webrick/httpserver.rb:104:in `service'
  /usr/lib/ruby/1.8/webrick/httpserver.rb:65:in `run'
  /usr/lib/ruby/1.8/webrick/server.rb:173:in `start_thread'
  /usr/lib/ruby/1.8/webrick/server.rb:162:in `start'
  /usr/lib/ruby/1.8/webrick/server.rb:162:in `start_thread'
  /usr/lib/ruby/1.8/webrick/server.rb:95:in `start'
  /usr/lib/ruby/1.8/webrick/server.rb:92:in `each'
  /usr/lib/ruby/1.8/webrick/server.rb:92:in `start'
  /usr/lib/ruby/1.8/webrick/server.rb:23:in `start'
  /usr/lib/ruby/1.8/webrick/server.rb:82:in `start'

Rendered rescues/_trace (380.3ms)
Rendered rescues/_request_and_response (1.3ms)
Rendering rescues/layout (internal_server_error)
  [4;35;1mSQL (0.2ms)[0m   [0mSET NAMES 'utf8'[0m
  [4;36;1mSQL (0.2ms)[0m   [0;1mSET SQL_AUTO_IS_NULL=0[0m


Processing LanguagesController#create to xml (for 127.0.0.1 at 2009-10-07 22:09:43) [POST]
  Parameters: {"commit"=>"Create", "language"=>{"name"=>"sdfasfdsdfsdfsd", "id"=>"388"}, "authenticity_token"=>"jDEHXDCeVGBcvJQ+6j5PHS/BJbzqC2e7iOa83TVbW+0="}
WARNING: Can't mass-assign these protected attributes: id
  [4;35;1mSQL (0.3ms)[0m   [0mBEGIN[0m
  [4;36;1mLanguage Create (0.0ms)[0m   [0;1mMysql::Error: Duplicate entry '' for key 2: INSERT INTO `languages` (`name`, `code`) VALUES('sdfasfdsdfsdfsd', '')[0m
  [4;35;1mSQL (3.2ms)[0m   [0mROLLBACK[0m

ActiveRecord::StatementInvalid (Mysql::Error: Duplicate entry '' for key 2: INSERT INTO `languages` (`name`, `code`) VALUES('sdfasfdsdfsdfsd', '')):
  app/controllers/languages_controller.rb:46:in `create'
  app/controllers/languages_controller.rb:45:in `create'
  /usr/lib/ruby/1.8/webrick/httpserver.rb:104:in `service'
  /usr/lib/ruby/1.8/webrick/httpserver.rb:65:in `run'
  /usr/lib/ruby/1.8/webrick/server.rb:173:in `start_thread'
  /usr/lib/ruby/1.8/webrick/server.rb:162:in `start'
  /usr/lib/ruby/1.8/webrick/server.rb:162:in `start_thread'
  /usr/lib/ruby/1.8/webrick/server.rb:95:in `start'
  /usr/lib/ruby/1.8/webrick/server.rb:92:in `each'
  /usr/lib/ruby/1.8/webrick/server.rb:92:in `start'
  /usr/lib/ruby/1.8/webrick/server.rb:23:in `start'
  /usr/lib/ruby/1.8/webrick/server.rb:82:in `start'

Rendered rescues/_trace (197.0ms)
Rendered rescues/_request_and_response (1.4ms)
Rendering rescues/layout (internal_server_error)
  [4;36;1mSQL (0.2ms)[0m   [0;1mSET NAMES 'utf8'[0m
  [4;35;1mSQL (0.2ms)[0m   [0mSET SQL_AUTO_IS_NULL=0[0m


Processing LanguagesController#new (for 127.0.0.1 at 2009-10-07 22:09:51) [GET]
Rendering template within layouts/languages
Rendering languages/new
Completed in 48ms (View: 34, DB: 0) | 200 OK [http://localhost/languages/new]
  [4;36;1mSQL (0.2ms)[0m   [0;1mSET NAMES 'utf8'[0m
  [4;35;1mSQL (0.3ms)[0m   [0mSET SQL_AUTO_IS_NULL=0[0m


Processing LanguagesController#create to xml (for 127.0.0.1 at 2009-10-07 22:10:07) [POST]
  Parameters: {"commit"=>"Create", "language"=>{"name"=>"sdfsdfasfdsdsfsdf", "code"=>"sfdsfdsfsd", "id"=>"388"}, "authenticity_token"=>"jDEHXDCeVGBcvJQ+6j5PHS/BJbzqC2e7iOa83TVbW+0="}
WARNING: Can't mass-assign these protected attributes: id
  [4;36;1mSQL (3.2ms)[0m   [0;1mBEGIN[0m
  [4;35;1mLanguage Create (0.6ms)[0m   [0mINSERT INTO `languages` (`name`, `code`) VALUES('sdfsdfasfdsdsfsdf', 'sfdsfdsfsd')[0m
  [4;36;1mSQL (3.5ms)[0m   [0;1mCOMMIT[0m
Completed in 34ms (View: 6, DB: 8) | 201 Created [http://localhost/languages.xml]
  [4;35;1mSQL (0.2ms)[0m   [0mSET NAMES 'utf8'[0m
  [4;36;1mSQL (0.2ms)[0m   [0;1mSET SQL_AUTO_IS_NULL=0[0m


Processing LanguagesController#create to xml (for 127.0.0.1 at 2009-10-07 22:10:55) [POST]
  Parameters: {"commit"=>"Create", "language"=>{"name"=>"sdfsdfasfdsdsfsdf", "code"=>"sfdsfdsfsd", "id"=>"388"}, "authenticity_token"=>"jDEHXDCeVGBcvJQ+6j5PHS/BJbzqC2e7iOa83TVbW+0="}
WARNING: Can't mass-assign these protected attributes: id
  [4;35;1mSQL (0.2ms)[0m   [0mBEGIN[0m
  [4;36;1mLanguage Create (0.0ms)[0m   [0;1mMysql::Error: Duplicate entry 'sfdsfdsfsd' for key 2: INSERT INTO `languages` (`name`, `code`) VALUES('sdfsdfasfdsdsfsdf', 'sfdsfdsfsd')[0m
  [4;35;1mSQL (15.9ms)[0m   [0mROLLBACK[0m

ActiveRecord::StatementInvalid (Mysql::Error: Duplicate entry 'sfdsfdsfsd' for key 2: INSERT INTO `languages` (`name`, `code`) VALUES('sdfsdfasfdsdsfsdf', 'sfdsfdsfsd')):
  app/controllers/languages_controller.rb:46:in `create'
  app/controllers/languages_controller.rb:45:in `create'
  /usr/lib/ruby/1.8/webrick/httpserver.rb:104:in `service'
  /usr/lib/ruby/1.8/webrick/httpserver.rb:65:in `run'
  /usr/lib/ruby/1.8/webrick/server.rb:173:in `start_thread'
  /usr/lib/ruby/1.8/webrick/server.rb:162:in `start'
  /usr/lib/ruby/1.8/webrick/server.rb:162:in `start_thread'
  /usr/lib/ruby/1.8/webrick/server.rb:95:in `start'
  /usr/lib/ruby/1.8/webrick/server.rb:92:in `each'
  /usr/lib/ruby/1.8/webrick/server.rb:92:in `start'
  /usr/lib/ruby/1.8/webrick/server.rb:23:in `start'
  /usr/lib/ruby/1.8/webrick/server.rb:82:in `start'

Rendered rescues/_trace (200.6ms)
Rendered rescues/_request_and_response (1.3ms)
Rendering rescues/layout (internal_server_error)
  [4;36;1mSQL (0.2ms)[0m   [0;1mSET NAMES 'utf8'[0m
  [4;35;1mSQL (0.3ms)[0m   [0mSET SQL_AUTO_IS_NULL=0[0m


Processing LanguagesController#create to xml (for 127.0.0.1 at 2009-10-07 22:12:13) [POST]
  Parameters: {"commit"=>"Create", "language"=>{"name"=>"sdfsdfasfdsdsfsdf", "code"=>"sfdsfdsfsd", "id"=>"388"}, "authenticity_token"=>"jDEHXDCeVGBcvJQ+6j5PHS/BJbzqC2e7iOa83TVbW+0="}
WARNING: Can't mass-assign these protected attributes: id
  [4;36;1mSQL (0.2ms)[0m   [0;1mBEGIN[0m
  [4;35;1mLanguage Create (0.0ms)[0m   [0mMysql::Error: Duplicate entry 'sfdsfdsfsd' for key 2: INSERT INTO `languages` (`name`, `code`) VALUES('sdfsdfasfdsdsfsdf', 'sfdsfdsfsd')[0m
  [4;36;1mSQL (6.6ms)[0m   [0;1mROLLBACK[0m
Completed in 33ms (View: 3, DB: 7) | 422 Unprocessable Entity [http://localhost/languages.xml]
  [4;35;1mSQL (0.2ms)[0m   [0mSET NAMES 'utf8'[0m
  [4;36;1mSQL (0.3ms)[0m   [0;1mSET SQL_AUTO_IS_NULL=0[0m


Processing LanguagesController#create to xml (for 127.0.0.1 at 2009-10-07 22:12:37) [POST]
  Parameters: {"commit"=>"Create", "language"=>{"name"=>"sdfsdfasfdsdsfsdf", "code"=>"sfdsfdsfsd", "id"=>"388"}, "authenticity_token"=>"jDEHXDCeVGBcvJQ+6j5PHS/BJbzqC2e7iOa83TVbW+0="}
WARNING: Can't mass-assign these protected attributes: id
  [4;35;1mSQL (0.2ms)[0m   [0mBEGIN[0m
  [4;36;1mLanguage Create (0.0ms)[0m   [0;1mMysql::Error: Duplicate entry 'sfdsfdsfsd' for key 2: INSERT INTO `languages` (`name`, `code`) VALUES('sdfsdfasfdsdsfsdf', 'sfdsfdsfsd')[0m
  [4;35;1mSQL (101.0ms)[0m   [0mROLLBACK[0m
Completed in 126ms (View: 3, DB: 102) | 422 Unprocessable Entity [http://localhost/languages.xml]
  [4;36;1mSQL (0.3ms)[0m   [0;1mSET NAMES 'utf8'[0m
  [4;35;1mSQL (0.2ms)[0m   [0mSET SQL_AUTO_IS_NULL=0[0m


Processing LanguagesController#create to xml (for 127.0.0.1 at 2009-10-07 22:13:01) [POST]
  Parameters: {"commit"=>"Create", "language"=>{"name"=>"sdfsdfasfdsdsfsdf", "code"=>"sfdsfdsfsd", "id"=>"388"}, "authenticity_token"=>"jDEHXDCeVGBcvJQ+6j5PHS/BJbzqC2e7iOa83TVbW+0="}
WARNING: Can't mass-assign these protected attributes: id
  [4;36;1mSQL (0.3ms)[0m   [0;1mBEGIN[0m
  [4;35;1mLanguage Create (0.0ms)[0m   [0mMysql::Error: Duplicate entry 'sfdsfdsfsd' for key 2: INSERT INTO `languages` (`name`, `code`) VALUES('sdfsdfasfdsdsfsdf', 'sfdsfdsfsd')[0m
  [4;36;1mSQL (8.1ms)[0m   [0;1mROLLBACK[0m
Completed in 31ms (View: 2, DB: 9) | 422 Unprocessable Entity [http://localhost/languages.xml]
  [4;35;1mSQL (0.2ms)[0m   [0mSET NAMES 'utf8'[0m
  [4;36;1mSQL (0.3ms)[0m   [0;1mSET SQL_AUTO_IS_NULL=0[0m


Processing LanguagesController#create to xml (for 127.0.0.1 at 2009-10-07 22:13:28) [POST]
  Parameters: {"commit"=>"Create", "language"=>{"name"=>"sdfsdfasfdsdsfsdf", "code"=>"sfdsfdsfsd", "id"=>"388"}, "authenticity_token"=>"jDEHXDCeVGBcvJQ+6j5PHS/BJbzqC2e7iOa83TVbW+0="}
WARNING: Can't mass-assign these protected attributes: id
  [4;35;1mSQL (0.3ms)[0m   [0mBEGIN[0m
  [4;36;1mLanguage Create (0.0ms)[0m   [0;1mMysql::Error: Duplicate entry 'sfdsfdsfsd' for key 2: INSERT INTO `languages` (`name`, `code`) VALUES('sdfsdfasfdsdsfsdf', 'sfdsfdsfsd')[0m
  [4;35;1mSQL (3.4ms)[0m   [0mROLLBACK[0m

ActiveRecord::StatementInvalid (Mysql::Error: Duplicate entry 'sfdsfdsfsd' for key 2: INSERT INTO `languages` (`name`, `code`) VALUES('sdfsdfasfdsdsfsdf', 'sfdsfdsfsd')):
  app/controllers/languages_controller.rb:46:in `create'
  app/controllers/languages_controller.rb:45:in `create'
  /usr/lib/ruby/1.8/webrick/httpserver.rb:104:in `service'
  /usr/lib/ruby/1.8/webrick/httpserver.rb:65:in `run'
  /usr/lib/ruby/1.8/webrick/server.rb:173:in `start_thread'
  /usr/lib/ruby/1.8/webrick/server.rb:162:in `start'
  /usr/lib/ruby/1.8/webrick/server.rb:162:in `start_thread'
  /usr/lib/ruby/1.8/webrick/server.rb:95:in `start'
  /usr/lib/ruby/1.8/webrick/server.rb:92:in `each'
  /usr/lib/ruby/1.8/webrick/server.rb:92:in `start'
  /usr/lib/ruby/1.8/webrick/server.rb:23:in `start'
  /usr/lib/ruby/1.8/webrick/server.rb:82:in `start'

Rendered rescues/_trace (197.9ms)
Rendered rescues/_request_and_response (1.5ms)
Rendering rescues/layout (internal_server_error)
  [4;36;1mSQL (0.2ms)[0m   [0;1mSET NAMES 'utf8'[0m
  [4;35;1mSQL (0.2ms)[0m   [0mSET SQL_AUTO_IS_NULL=0[0m


Processing LanguagesController#create to xml (for 127.0.0.1 at 2009-10-07 22:13:35) [POST]
  Parameters: {"commit"=>"Create", "language"=>{"name"=>"sdfsdfasfdsdsfsdf", "code"=>"sfadadsadsdsad", "id"=>"388"}, "authenticity_token"=>"jDEHXDCeVGBcvJQ+6j5PHS/BJbzqC2e7iOa83TVbW+0="}
WARNING: Can't mass-assign these protected attributes: id
  [4;36;1mSQL (0.3ms)[0m   [0;1mBEGIN[0m
  [4;35;1mLanguage Create (0.6ms)[0m   [0mINSERT INTO `languages` (`name`, `code`) VALUES('sdfsdfasfdsdsfsdf', 'sfadadsadsdsad')[0m
  [4;36;1mSQL (10.3ms)[0m   [0;1mCOMMIT[0m
Completed in 42ms (View: 6, DB: 12) | 201 Created [http://localhost/languages.xml]
  [4;35;1mSQL (0.6ms)[0m   [0mSET NAMES 'utf8'[0m
  [4;36;1mSQL (0.4ms)[0m   [0;1mSET SQL_AUTO_IS_NULL=0[0m


Processing LanguagesController#create to xml (for 127.0.0.1 at 2009-10-07 22:13:48) [POST]
  Parameters: {"commit"=>"Create", "language"=>{"name"=>"sdfsdfasfdsdsfsdf", "code"=>"sfadadsadsdsad", "id"=>"388"}, "authenticity_token"=>"jDEHXDCeVGBcvJQ+6j5PHS/BJbzqC2e7iOa83TVbW+0="}
WARNING: Can't mass-assign these protected attributes: id
  [4;35;1mSQL (0.2ms)[0m   [0mBEGIN[0m
  [4;36;1mLanguage Create (0.0ms)[0m   [0;1mMysql::Error: Duplicate entry 'sfadadsads' for key 2: INSERT INTO `languages` (`name`, `code`) VALUES('sdfsdfasfdsdsfsdf', 'sfadadsadsdsad')[0m
  [4;35;1mSQL (4.8ms)[0m   [0mROLLBACK[0m

ActiveRecord::StatementInvalid (Mysql::Error: Duplicate entry 'sfadadsads' for key 2: INSERT INTO `languages` (`name`, `code`) VALUES('sdfsdfasfdsdsfsdf', 'sfadadsadsdsad')):
  app/controllers/languages_controller.rb:46:in `create'
  app/controllers/languages_controller.rb:45:in `create'
  /usr/lib/ruby/1.8/webrick/httpserver.rb:104:in `service'
  /usr/lib/ruby/1.8/webrick/httpserver.rb:65:in `run'
  /usr/lib/ruby/1.8/webrick/server.rb:173:in `start_thread'
  /usr/lib/ruby/1.8/webrick/server.rb:162:in `start'
  /usr/lib/ruby/1.8/webrick/server.rb:162:in `start_thread'
  /usr/lib/ruby/1.8/webrick/server.rb:95:in `start'
  /usr/lib/ruby/1.8/webrick/server.rb:92:in `each'
  /usr/lib/ruby/1.8/webrick/server.rb:92:in `start'
  /usr/lib/ruby/1.8/webrick/server.rb:23:in `start'
  /usr/lib/ruby/1.8/webrick/server.rb:82:in `start'

Rendered rescues/_trace (190.0ms)
Rendered rescues/_request_and_response (1.3ms)
Rendering rescues/layout (internal_server_error)
  [4;36;1mSQL (0.3ms)[0m   [0;1mSET NAMES 'utf8'[0m
  [4;35;1mSQL (0.2ms)[0m   [0mSET SQL_AUTO_IS_NULL=0[0m


Processing LanguagesController#show to xml (for 127.0.0.1 at 2009-10-07 22:14:03) [GET]
  Parameters: {"id"=>"185"}
  [4;36;1mLanguage Load (1.6ms)[0m   [0;1mSELECT * FROM `languages` WHERE (`languages`.`id` = 185) [0m
Completed in 21ms (View: 4, DB: 2) | 200 OK [http://localhost/languages/185.xml]
  [4;35;1mSQL (0.2ms)[0m   [0mSET NAMES 'utf8'[0m
  [4;36;1mSQL (0.3ms)[0m   [0;1mSET SQL_AUTO_IS_NULL=0[0m


Processing LanguagesController#show to xml (for 127.0.0.1 at 2009-10-07 22:18:01) [GET]
  Parameters: {"id"=>"185"}
  [4;35;1mLanguage Load (0.4ms)[0m   [0mSELECT * FROM `languages` WHERE (`languages`.`id` = 185) [0m
Completed in 18ms (View: 4, DB: 1) | 200 OK [http://localhost/languages/185.xml]
  [4;36;1mSQL (0.2ms)[0m   [0;1mSET NAMES 'utf8'[0m
  [4;35;1mSQL (0.3ms)[0m   [0mSET SQL_AUTO_IS_NULL=0[0m


Processing LanguagesController#find_by_code to xml (for 127.0.0.1 at 2009-10-07 22:18:16) [GET]
  Parameters: {"code"=>"en"}
  [4;36;1mLanguage Load (1.3ms)[0m   [0;1mSELECT * FROM `languages` WHERE (`languages`.`code` = 'en') LIMIT 1[0m
Completed in 22ms (View: 5, DB: 2) | 200 OK [http://localhost/languages/find_by_code.xml?code=en]
  [4;35;1mSQL (0.2ms)[0m   [0mSET NAMES 'utf8'[0m
  [4;36;1mSQL (0.2ms)[0m   [0;1mSET SQL_AUTO_IS_NULL=0[0m


Processing LanguagesController#find_by_code to xml (for 127.0.0.1 at 2009-10-07 22:18:24) [GET]
  Parameters: {"code"=>"wewewew"}
  [4;35;1mLanguage Load (0.7ms)[0m   [0mSELECT * FROM `languages` WHERE (`languages`.`code` = 'wewewew') LIMIT 1[0m

ActionView::MissingTemplate (Missing template languages/find_by_code.erb in view path app/views):
  app/controllers/languages_controller.rb:32:in `find_by_code'
  app/controllers/languages_controller.rb:30:in `find_by_code'
  /usr/lib/ruby/1.8/webrick/httpserver.rb:104:in `service'
  /usr/lib/ruby/1.8/webrick/httpserver.rb:65:in `run'
  /usr/lib/ruby/1.8/webrick/server.rb:173:in `start_thread'
  /usr/lib/ruby/1.8/webrick/server.rb:162:in `start'
  /usr/lib/ruby/1.8/webrick/server.rb:162:in `start_thread'
  /usr/lib/ruby/1.8/webrick/server.rb:95:in `start'
  /usr/lib/ruby/1.8/webrick/server.rb:92:in `each'
  /usr/lib/ruby/1.8/webrick/server.rb:92:in `start'
  /usr/lib/ruby/1.8/webrick/server.rb:23:in `start'
  /usr/lib/ruby/1.8/webrick/server.rb:82:in `start'

Rendering rescues/layout (internal_server_error)
  [4;36;1mSQL (0.5ms)[0m   [0;1mSET NAMES 'utf8'[0m
  [4;35;1mSQL (0.4ms)[0m   [0mSET SQL_AUTO_IS_NULL=0[0m


Processing LanguagesController#find_by_code to xml (for 127.0.0.1 at 2009-10-07 22:18:36) [GET]
  Parameters: {"code"=>"de"}
  [4;36;1mLanguage Load (0.9ms)[0m   [0;1mSELECT * FROM `languages` WHERE (`languages`.`code` = 'de') LIMIT 1[0m
Completed in 21ms (View: 4, DB: 2) | 200 OK [http://localhost/languages/find_by_code.xml?code=de]
  [4;35;1mSQL (0.2ms)[0m   [0mSET NAMES 'utf8'[0m
  [4;36;1mSQL (0.2ms)[0m   [0;1mSET SQL_AUTO_IS_NULL=0[0m


Processing LanguagesController#find_by_code to xml (for 127.0.0.1 at 2009-10-07 22:18:38) [GET]
  Parameters: {"code"=>"ded"}
  [4;35;1mLanguage Load (0.8ms)[0m   [0mSELECT * FROM `languages` WHERE (`languages`.`code` = 'ded') LIMIT 1[0m

ActionView::MissingTemplate (Missing template languages/find_by_code.erb in view path app/views):
  app/controllers/languages_controller.rb:32:in `find_by_code'
  app/controllers/languages_controller.rb:30:in `find_by_code'
  /usr/lib/ruby/1.8/webrick/httpserver.rb:104:in `service'
  /usr/lib/ruby/1.8/webrick/httpserver.rb:65:in `run'
  /usr/lib/ruby/1.8/webrick/server.rb:173:in `start_thread'
  /usr/lib/ruby/1.8/webrick/server.rb:162:in `start'
  /usr/lib/ruby/1.8/webrick/server.rb:162:in `start_thread'
  /usr/lib/ruby/1.8/webrick/server.rb:95:in `start'
  /usr/lib/ruby/1.8/webrick/server.rb:92:in `each'
  /usr/lib/ruby/1.8/webrick/server.rb:92:in `start'
  /usr/lib/ruby/1.8/webrick/server.rb:23:in `start'
  /usr/lib/ruby/1.8/webrick/server.rb:82:in `start'

Rendering rescues/layout (internal_server_error)
  [4;36;1mSQL (0.2ms)[0m   [0;1mSET NAMES 'utf8'[0m
  [4;35;1mSQL (0.2ms)[0m   [0mSET SQL_AUTO_IS_NULL=0[0m


Processing LanguagesController#edit to xml (for 127.0.0.1 at 2009-10-07 22:27:49) [GET]
  Parameters: {"id"=>"185"}
  [4;36;1mLanguage Load (0.3ms)[0m   [0;1mSELECT * FROM `languages` WHERE (`languages`.`id` = 185) [0m

ActionView::MissingTemplate (Missing template languages/edit.erb in view path app/views):
  /usr/lib/ruby/1.8/webrick/httpserver.rb:104:in `service'
  /usr/lib/ruby/1.8/webrick/httpserver.rb:65:in `run'
  /usr/lib/ruby/1.8/webrick/server.rb:173:in `start_thread'
  /usr/lib/ruby/1.8/webrick/server.rb:162:in `start'
  /usr/lib/ruby/1.8/webrick/server.rb:162:in `start_thread'
  /usr/lib/ruby/1.8/webrick/server.rb:95:in `start'
  /usr/lib/ruby/1.8/webrick/server.rb:92:in `each'
  /usr/lib/ruby/1.8/webrick/server.rb:92:in `start'
  /usr/lib/ruby/1.8/webrick/server.rb:23:in `start'
  /usr/lib/ruby/1.8/webrick/server.rb:82:in `start'

Rendering rescues/layout (internal_server_error)
  [4;35;1mSQL (0.2ms)[0m   [0mSET NAMES 'utf8'[0m
  [4;36;1mSQL (0.2ms)[0m   [0;1mSET SQL_AUTO_IS_NULL=0[0m


Processing LanguagesController#edit to xml (for 127.0.0.1 at 2009-10-07 22:28:00) [GET]
  Parameters: {"id"=>"185"}
  [4;35;1mLanguage Load (0.4ms)[0m   [0mSELECT * FROM `languages` WHERE (`languages`.`id` = 185) [0m

ActionView::MissingTemplate (Missing template languages/edit.erb in view path app/views):
  /usr/lib/ruby/1.8/webrick/httpserver.rb:104:in `service'
  /usr/lib/ruby/1.8/webrick/httpserver.rb:65:in `run'
  /usr/lib/ruby/1.8/webrick/server.rb:173:in `start_thread'
  /usr/lib/ruby/1.8/webrick/server.rb:162:in `start'
  /usr/lib/ruby/1.8/webrick/server.rb:162:in `start_thread'
  /usr/lib/ruby/1.8/webrick/server.rb:95:in `start'
  /usr/lib/ruby/1.8/webrick/server.rb:92:in `each'
  /usr/lib/ruby/1.8/webrick/server.rb:92:in `start'
  /usr/lib/ruby/1.8/webrick/server.rb:23:in `start'
  /usr/lib/ruby/1.8/webrick/server.rb:82:in `start'

Rendering rescues/layout (internal_server_error)
  [4;36;1mSQL (0.2ms)[0m   [0;1mSET NAMES 'utf8'[0m
  [4;35;1mSQL (0.3ms)[0m   [0mSET SQL_AUTO_IS_NULL=0[0m


Processing LanguagesController#edit (for 127.0.0.1 at 2009-10-07 22:28:28) [GET]
  Parameters: {"id"=>"185"}
  [4;36;1mLanguage Load (0.4ms)[0m   [0;1mSELECT * FROM `languages` WHERE (`languages`.`id` = 185) [0m
Rendering template within layouts/languages
Rendering languages/edit
Completed in 56ms (View: 40, DB: 1) | 200 OK [http://localhost/languages/185/edit]
  [4;35;1mSQL (0.2ms)[0m   [0mSET NAMES 'utf8'[0m
  [4;36;1mSQL (0.2ms)[0m   [0;1mSET SQL_AUTO_IS_NULL=0[0m


Processing LanguagesController#update to xml (for 127.0.0.1 at 2009-10-07 22:29:03) [PUT]
  Parameters: {"commit"=>"Update", "language"=>{"name"=>"Afar", "code"=>"aa"}, "authenticity_token"=>"jDEHXDCeVGBcvJQ+6j5PHS/BJbzqC2e7iOa83TVbW+0=", "id"=>"185"}
  [4;35;1mLanguage Load (0.3ms)[0m   [0mSELECT * FROM `languages` WHERE (`languages`.`id` = 185) [0m
  [4;36;1mSQL (0.2ms)[0m   [0;1mBEGIN[0m
  [4;35;1mSQL (0.3ms)[0m   [0mCOMMIT[0m
Completed in 26ms (View: 4, DB: 1) | 200 OK [http://localhost/languages/185.xml]
  [4;36;1mSQL (0.2ms)[0m   [0;1mSET NAMES 'utf8'[0m
  [4;35;1mSQL (0.2ms)[0m   [0mSET SQL_AUTO_IS_NULL=0[0m


Processing LanguagesController#update to xml (for 127.0.0.1 at 2009-10-07 22:29:16) [PUT]
  Parameters: {"commit"=>"Update", "language"=>{"name"=>"Afar", "code"=>"aalllllllllll"}, "authenticity_token"=>"jDEHXDCeVGBcvJQ+6j5PHS/BJbzqC2e7iOa83TVbW+0=", "id"=>"185"}
  [4;36;1mLanguage Load (0.3ms)[0m   [0;1mSELECT * FROM `languages` WHERE (`languages`.`id` = 185) [0m
  [4;35;1mSQL (0.2ms)[0m   [0mBEGIN[0m
  [4;36;1mLanguage Update (1.0ms)[0m   [0;1mUPDATE `languages` SET `code` = 'aalllllllllll' WHERE `id` = 185[0m
  [4;35;1mSQL (4.8ms)[0m   [0mCOMMIT[0m
Completed in 33ms (View: 3, DB: 7) | 200 OK [http://localhost/languages/185.xml]
  [4;36;1mSQL (0.2ms)[0m   [0;1mSET NAMES 'utf8'[0m
  [4;35;1mSQL (0.2ms)[0m   [0mSET SQL_AUTO_IS_NULL=0[0m


Processing LanguagesController#edit (for 127.0.0.1 at 2009-10-07 22:29:19) [GET]
  Parameters: {"id"=>"185"}
  [4;36;1mLanguage Load (0.7ms)[0m   [0;1mSELECT * FROM `languages` WHERE (`languages`.`id` = 185) [0m
Rendering template within layouts/languages
Rendering languages/edit
Completed in 47ms (View: 28, DB: 1) | 200 OK [http://localhost/languages/185/edit]
  [4;35;1mSQL (0.2ms)[0m   [0mSET NAMES 'utf8'[0m
  [4;36;1mSQL (0.3ms)[0m   [0;1mSET SQL_AUTO_IS_NULL=0[0m


Processing LanguagesController#edit (for 127.0.0.1 at 2009-10-07 22:29:22) [GET]
  Parameters: {"id"=>"185"}
  [4;35;1mLanguage Load (0.4ms)[0m   [0mSELECT * FROM `languages` WHERE (`languages`.`id` = 185) [0m
Rendering template within layouts/languages
Rendering languages/edit
Completed in 35ms (View: 22, DB: 1) | 200 OK [http://localhost/languages/185/edit]
  [4;36;1mSQL (0.2ms)[0m   [0;1mSET NAMES 'utf8'[0m
  [4;35;1mSQL (0.2ms)[0m   [0mSET SQL_AUTO_IS_NULL=0[0m


Processing LanguagesController#edit (for 127.0.0.1 at 2009-10-07 22:29:22) [GET]
  Parameters: {"id"=>"185"}
  [4;36;1mLanguage Load (0.4ms)[0m   [0;1mSELECT * FROM `languages` WHERE (`languages`.`id` = 185) [0m
Rendering template within layouts/languages
Rendering languages/edit
Completed in 35ms (View: 21, DB: 1) | 200 OK [http://localhost/languages/185/edit]
  [4;35;1mSQL (4.9ms)[0m   [0mSET NAMES 'utf8'[0m
  [4;36;1mSQL (0.4ms)[0m   [0;1mSET SQL_AUTO_IS_NULL=0[0m


Processing LanguagesController#edit (for 127.0.0.1 at 2009-10-07 22:29:23) [GET]
  Parameters: {"id"=>"185"}
  [4;35;1mLanguage Load (0.4ms)[0m   [0mSELECT * FROM `languages` WHERE (`languages`.`id` = 185) [0m
Rendering template within layouts/languages
Rendering languages/edit
Completed in 38ms (View: 23, DB: 6) | 200 OK [http://localhost/languages/185/edit]
  [4;36;1mSQL (0.3ms)[0m   [0;1mSET NAMES 'utf8'[0m
  [4;35;1mSQL (0.2ms)[0m   [0mSET SQL_AUTO_IS_NULL=0[0m


Processing LanguagesController#edit (for 127.0.0.1 at 2009-10-07 22:29:23) [GET]
  Parameters: {"id"=>"185"}
  [4;36;1mLanguage Load (0.4ms)[0m   [0;1mSELECT * FROM `languages` WHERE (`languages`.`id` = 185) [0m
Rendering template within layouts/languages
Rendering languages/edit
Completed in 48ms (View: 28, DB: 1) | 200 OK [http://localhost/languages/185/edit]
  [4;35;1mSQL (0.2ms)[0m   [0mSET NAMES 'utf8'[0m
  [4;36;1mSQL (0.3ms)[0m   [0;1mSET SQL_AUTO_IS_NULL=0[0m


Processing LanguagesController#edit (for 127.0.0.1 at 2009-10-07 22:29:23) [GET]
  Parameters: {"id"=>"185"}
  [4;35;1mLanguage Load (0.4ms)[0m   [0mSELECT * FROM `languages` WHERE (`languages`.`id` = 185) [0m
Rendering template within layouts/languages
Rendering languages/edit
Completed in 45ms (View: 27, DB: 1) | 200 OK [http://localhost/languages/185/edit]
  [4;36;1mSQL (0.2ms)[0m   [0;1mSET NAMES 'utf8'[0m
  [4;35;1mSQL (0.2ms)[0m   [0mSET SQL_AUTO_IS_NULL=0[0m


Processing LanguagesController#edit (for 127.0.0.1 at 2009-10-07 22:29:23) [GET]
  Parameters: {"id"=>"185"}
  [4;36;1mLanguage Load (1.7ms)[0m   [0;1mSELECT * FROM `languages` WHERE (`languages`.`id` = 185) [0m
Rendering template within layouts/languages
Rendering languages/edit
Completed in 55ms (View: 30, DB: 2) | 200 OK [http://localhost/languages/185/edit]
  [4;35;1mSQL (0.4ms)[0m   [0mSET NAMES 'utf8'[0m
  [4;36;1mSQL (0.3ms)[0m   [0;1mSET SQL_AUTO_IS_NULL=0[0m


Processing LanguagesController#edit (for 127.0.0.1 at 2009-10-07 22:29:24) [GET]
  Parameters: {"id"=>"185"}
  [4;35;1mLanguage Load (0.3ms)[0m   [0mSELECT * FROM `languages` WHERE (`languages`.`id` = 185) [0m
Rendering template within layouts/languages
Rendering languages/edit
Completed in 46ms (View: 28, DB: 1) | 200 OK [http://localhost/languages/185/edit]
  [4;36;1mSQL (0.2ms)[0m   [0;1mSET NAMES 'utf8'[0m
  [4;35;1mSQL (0.3ms)[0m   [0mSET SQL_AUTO_IS_NULL=0[0m


Processing LanguagesController#edit (for 127.0.0.1 at 2009-10-07 22:29:24) [GET]
  Parameters: {"id"=>"185"}
  [4;36;1mLanguage Load (0.4ms)[0m   [0;1mSELECT * FROM `languages` WHERE (`languages`.`id` = 185) [0m
Rendering template within layouts/languages
Rendering languages/edit
Completed in 34ms (View: 19, DB: 1) | 200 OK [http://localhost/languages/185/edit]
  [4;35;1mSQL (0.3ms)[0m   [0mSET NAMES 'utf8'[0m
  [4;36;1mSQL (0.4ms)[0m   [0;1mSET SQL_AUTO_IS_NULL=0[0m


Processing LanguagesController#edit (for 127.0.0.1 at 2009-10-07 22:29:24) [GET]
  Parameters: {"id"=>"185"}
  [4;35;1mLanguage Load (0.4ms)[0m   [0mSELECT * FROM `languages` WHERE (`languages`.`id` = 185) [0m
Rendering template within layouts/languages
Rendering languages/edit
Completed in 33ms (View: 20, DB: 1) | 200 OK [http://localhost/languages/185/edit]
  [4;36;1mSQL (0.2ms)[0m   [0;1mSET NAMES 'utf8'[0m
  [4;35;1mSQL (0.2ms)[0m   [0mSET SQL_AUTO_IS_NULL=0[0m


Processing LanguagesController#update (for 127.0.0.1 at 2009-10-07 22:30:10) [PUT]
  Parameters: {"commit"=>"Update", "language"=>{"name"=>"Afar", "code"=>"aallllllllllll"}, "authenticity_token"=>"jDEHXDCeVGBcvJQ+6j5PHS/BJbzqC2e7iOa83TVbW+0=", "id"=>"185"}
  [4;36;1mLanguage Load (0.4ms)[0m   [0;1mSELECT * FROM `languages` WHERE (`languages`.`id` = 185) [0m
  [4;35;1mSQL (0.2ms)[0m   [0mBEGIN[0m
  [4;36;1mLanguage Update (0.8ms)[0m   [0;1mUPDATE `languages` SET `code` = 'aallllllllllll' WHERE `id` = 185[0m
  [4;35;1mSQL (0.3ms)[0m   [0mCOMMIT[0m
Redirected to http://localhost:3000/languages/185
Completed in 27ms (DB: 2) | 302 Found [http://localhost/languages/185]
  [4;36;1mSQL (0.3ms)[0m   [0;1mSET NAMES 'utf8'[0m
  [4;35;1mSQL (0.3ms)[0m   [0mSET SQL_AUTO_IS_NULL=0[0m


Processing LanguagesController#show (for 127.0.0.1 at 2009-10-07 22:30:11) [GET]
  Parameters: {"id"=>"185"}
  [4;36;1mLanguage Load (0.4ms)[0m   [0;1mSELECT * FROM `languages` WHERE (`languages`.`id` = 185) [0m
Rendering template within layouts/languages
Rendering languages/show
Completed in 29ms (View: 9, DB: 1) | 200 OK [http://localhost/languages/185]
  [4;35;1mSQL (0.2ms)[0m   [0mSET NAMES 'utf8'[0m
  [4;36;1mSQL (0.2ms)[0m   [0;1mSET SQL_AUTO_IS_NULL=0[0m


Processing LanguagesController#index (for 127.0.0.1 at 2009-10-07 22:30:23) [GET]
  [4;35;1mLanguage Load (1.9ms)[0m   [0mSELECT * FROM `languages` [0m
Rendering template within layouts/languages
Rendering languages/index
Completed in 4053ms (View: 4027, DB: 2) | 200 OK [http://localhost/languages]
  [4;36;1mSQL (0.3ms)[0m   [0;1mSET NAMES 'utf8'[0m
  [4;35;1mSQL (0.2ms)[0m   [0mSET SQL_AUTO_IS_NULL=0[0m


Processing LanguagesController#edit (for 127.0.0.1 at 2009-10-07 22:35:41) [GET]
  Parameters: {"id"=>"185"}
  [4;36;1mLanguage Columns (2.4ms)[0m   [0;1mSHOW FIELDS FROM `languages`[0m
  [4;35;1mLanguage Load (0.3ms)[0m   [0mSELECT * FROM `languages` WHERE (`languages`.`id` = 185) [0m
Rendering template within layouts/languages
Rendering languages/edit
Completed in 155ms (View: 135, DB: 3) | 200 OK [http://localhost/languages/185/edit]
  [4;36;1mSQL (0.2ms)[0m   [0;1mSET NAMES 'utf8'[0m
  [4;35;1mSQL (0.2ms)[0m   [0mSET SQL_AUTO_IS_NULL=0[0m


Processing LanguagesController#update (for 127.0.0.1 at 2009-10-07 22:35:59) [PUT]
  Parameters: {"commit"=>"Update", "language"=>{"name"=>"Afar", "code"=>"de"}, "authenticity_token"=>"jDEHXDCeVGBcvJQ+6j5PHS/BJbzqC2e7iOa83TVbW+0=", "id"=>"185"}
  [4;36;1mLanguage Load (0.3ms)[0m   [0;1mSELECT * FROM `languages` WHERE (`languages`.`id` = 185) [0m
  [4;35;1mSQL (0.2ms)[0m   [0mBEGIN[0m
  [4;36;1mLanguage Load (45.6ms)[0m   [0;1mSELECT `languages`.id FROM `languages` WHERE (`languages`.`code` = BINARY 'de' AND `languages`.id <> 185) LIMIT 1[0m
  [4;35;1mSQL (0.3ms)[0m   [0mROLLBACK[0m
Rendering template within layouts/languages
Rendering languages/edit
Completed in 113ms (View: 44, DB: 47) | 200 OK [http://localhost/languages/185]
  [4;36;1mSQL (0.2ms)[0m   [0;1mSET NAMES 'utf8'[0m
  [4;35;1mSQL (0.2ms)[0m   [0mSET SQL_AUTO_IS_NULL=0[0m


Processing LanguagesController#update to xml (for 127.0.0.1 at 2009-10-07 22:36:18) [PUT]
  Parameters: {"commit"=>"Update", "language"=>{"name"=>"Afar", "code"=>"de"}, "authenticity_token"=>"jDEHXDCeVGBcvJQ+6j5PHS/BJbzqC2e7iOa83TVbW+0=", "id"=>"185"}
  [4;36;1mLanguage Load (0.3ms)[0m   [0;1mSELECT * FROM `languages` WHERE (`languages`.`id` = 185) [0m
  [4;35;1mSQL (0.4ms)[0m   [0mBEGIN[0m
  [4;36;1mLanguage Load (0.3ms)[0m   [0;1mSELECT `languages`.id FROM `languages` WHERE (`languages`.`code` = BINARY 'de' AND `languages`.id <> 185) LIMIT 1[0m
  [4;35;1mSQL (2.3ms)[0m   [0mROLLBACK[0m
Completed in 52ms (View: 23, DB: 4) | 422 Unprocessable Entity [http://localhost/languages/185.xml]
  [4;36;1mSQL (0.2ms)[0m   [0;1mSET NAMES 'utf8'[0m
  [4;35;1mSQL (0.2ms)[0m   [0mSET SQL_AUTO_IS_NULL=0[0m


Processing LanguagesController#new (for 127.0.0.1 at 2009-10-07 22:36:30) [GET]
Rendering template within layouts/languages
Rendering languages/new
Completed in 53ms (View: 38, DB: 0) | 200 OK [http://localhost/languages/new]
  [4;36;1mSQL (0.2ms)[0m   [0;1mSET NAMES 'utf8'[0m
  [4;35;1mSQL (0.2ms)[0m   [0mSET SQL_AUTO_IS_NULL=0[0m


Processing LanguagesController#create to xml (for 127.0.0.1 at 2009-10-07 22:36:43) [POST]
  Parameters: {"commit"=>"Create", "language"=>{"name"=>"ewer", "code"=>"de", "id"=>"23"}, "authenticity_token"=>"jDEHXDCeVGBcvJQ+6j5PHS/BJbzqC2e7iOa83TVbW+0="}
WARNING: Can't mass-assign these protected attributes: id
  [4;36;1mSQL (0.2ms)[0m   [0;1mBEGIN[0m
  [4;35;1mLanguage Load (0.8ms)[0m   [0mSELECT `languages`.id FROM `languages` WHERE (`languages`.`code` = BINARY 'de') LIMIT 1[0m
  [4;36;1mSQL (0.4ms)[0m   [0;1mROLLBACK[0m
Completed in 45ms (View: 22, DB: 2) | 422 Unprocessable Entity [http://localhost/languages.xml]
  [4;36;1mSQL (0.3ms)[0m   [0;1mSET NAMES 'utf8'[0m
  [4;35;1mSQL (0.2ms)[0m   [0mSET SQL_AUTO_IS_NULL=0[0m
  [4;36;1mLanguage Columns (2.2ms)[0m   [0;1mSHOW FIELDS FROM `languages`[0m
  [4;35;1mSQL (0.3ms)[0m   [0mBEGIN[0m
  [4;36;1mLanguage Load (0.7ms)[0m   [0;1mSELECT `languages`.id FROM `languages` WHERE (`languages`.`code` = BINARY 'dsfddddddd') LIMIT 1[0m
  [4;35;1mSQL (0.4ms)[0m   [0mROLLBACK[0m
  [4;36;1mSQL (0.3ms)[0m   [0;1mSET NAMES 'utf8'[0m
  [4;35;1mSQL (0.3ms)[0m   [0mSET SQL_AUTO_IS_NULL=0[0m
  [4;36;1mSQL (1.1ms)[0m   [0;1mSHOW TABLES[0m
  [4;35;1mSource Columns (1.5ms)[0m   [0mSHOW FIELDS FROM `sources`[0m
  [4;36;1mSQL (0.3ms)[0m   [0;1mBEGIN[0m
  [4;35;1mSQL (0.3ms)[0m   [0mROLLBACK[0m
  [4;36;1mSQL (0.4ms)[0m   [0;1mSET NAMES 'utf8'[0m
  [4;35;1mSQL (0.2ms)[0m   [0mSET SQL_AUTO_IS_NULL=0[0m
  [4;36;1mSource Columns (1.6ms)[0m   [0;1mSHOW FIELDS FROM `sources`[0m
  [4;35;1mSQL (0.9ms)[0m   [0mSHOW TABLES[0m
  [4;36;1mSQL (0.4ms)[0m   [0;1mSET NAMES 'utf8'[0m
  [4;35;1mSQL (0.3ms)[0m   [0mSET SQL_AUTO_IS_NULL=0[0m


Processing LanguagesController#index to xml (for 127.0.0.1 at 2009-10-07 23:04:22) [GET]
  [4;36;1mLanguage Load (1.9ms)[0m   [0;1mSELECT * FROM `languages` [0m
  [4;35;1mLanguage Columns (2.6ms)[0m   [0mSHOW FIELDS FROM `languages`[0m
Completed in 300ms (View: 271, DB: 5) | 200 OK [http://localhost/languages.xml]
  [4;36;1mSQL (0.4ms)[0m   [0;1mSET NAMES 'utf8'[0m
  [4;35;1mSQL (0.2ms)[0m   [0mSET SQL_AUTO_IS_NULL=0[0m


Processing ApplicationController#index (for 127.0.0.1 at 2009-10-07 23:49:16) [GET]

ActionController::RoutingError (No route matches "/region/new" with {:method=>:get}):
  /usr/lib/ruby/1.8/webrick/httpserver.rb:104:in `service'
  /usr/lib/ruby/1.8/webrick/httpserver.rb:65:in `run'
  /usr/lib/ruby/1.8/webrick/server.rb:173:in `start_thread'
  /usr/lib/ruby/1.8/webrick/server.rb:162:in `start'
  /usr/lib/ruby/1.8/webrick/server.rb:162:in `start_thread'
  /usr/lib/ruby/1.8/webrick/server.rb:95:in `start'
  /usr/lib/ruby/1.8/webrick/server.rb:92:in `each'
  /usr/lib/ruby/1.8/webrick/server.rb:92:in `start'
  /usr/lib/ruby/1.8/webrick/server.rb:23:in `start'
  /usr/lib/ruby/1.8/webrick/server.rb:82:in `start'

Rendering rescues/layout (not_found)
  [4;36;1mSQL (0.2ms)[0m   [0;1mSET NAMES 'utf8'[0m
  [4;35;1mSQL (0.3ms)[0m   [0mSET SQL_AUTO_IS_NULL=0[0m


Processing RegionsController#new (for 127.0.0.1 at 2009-10-07 23:49:20) [GET]
  [4;36;1mRegion Columns (6.3ms)[0m   [0;1mSHOW FIELDS FROM `regions`[0m
Rendering template within layouts/regions
Rendering regions/new
Completed in 233ms (View: 210, DB: 7) | 200 OK [http://localhost/regions/new]
  [4;35;1mSQL (0.3ms)[0m   [0mSET NAMES 'utf8'[0m
  [4;36;1mSQL (0.2ms)[0m   [0;1mSET SQL_AUTO_IS_NULL=0[0m


Processing RegionsController#new (for 127.0.0.1 at 2009-10-07 23:49:48) [GET]
Rendering template within layouts/regions
Rendering regions/new
Completed in 214ms (View: 202, DB: 1) | 200 OK [http://localhost/regions/new]
  [4;35;1mSQL (0.3ms)[0m   [0mSET NAMES 'utf8'[0m
  [4;36;1mSQL (0.3ms)[0m   [0;1mSET SQL_AUTO_IS_NULL=0[0m


Processing RegionsController#new (for 127.0.0.1 at 2009-10-07 23:50:04) [GET]
Rendering template within layouts/regions
Rendering regions/new
Completed in 45ms (View: 32, DB: 1) | 200 OK [http://localhost/regions/new]
  [4;35;1mSQL (0.2ms)[0m   [0mSET NAMES 'utf8'[0m
  [4;36;1mSQL (0.3ms)[0m   [0;1mSET SQL_AUTO_IS_NULL=0[0m


Processing RegionsController#create (for 127.0.0.1 at 2009-10-07 23:50:20) [POST]
  Parameters: {"commit"=>"Create", "region"=>{"name"=>"Europe", "code"=>"EU"}, "authenticity_token"=>"jDEHXDCeVGBcvJQ+6j5PHS/BJbzqC2e7iOa83TVbW+0="}
  [4;35;1mSQL (0.3ms)[0m   [0mBEGIN[0m
  [4;36;1mRegion Load (0.7ms)[0m   [0;1mSELECT `regions`.id FROM `regions` WHERE (`regions`.`code` = BINARY 'EU') LIMIT 1[0m
  [4;35;1mRegion Create (0.7ms)[0m   [0mINSERT INTO `regions` (`name`, `code`) VALUES('Europe', 'EU')[0m
  [4;36;1mSQL (4.1ms)[0m   [0;1mCOMMIT[0m
Redirected to http://localhost:3000/regions/1
Completed in 33ms (DB: 6) | 302 Found [http://localhost/regions]
  [4;35;1mSQL (0.2ms)[0m   [0mSET NAMES 'utf8'[0m
  [4;36;1mSQL (0.3ms)[0m   [0;1mSET SQL_AUTO_IS_NULL=0[0m


Processing RegionsController#show (for 127.0.0.1 at 2009-10-07 23:50:20) [GET]
  Parameters: {"id"=>"1"}
  [4;35;1mRegion Load (0.7ms)[0m   [0mSELECT * FROM `regions` WHERE (`regions`.`id` = 1) [0m
Rendering template within layouts/regions
Rendering regions/show
Completed in 43ms (View: 27, DB: 1) | 200 OK [http://localhost/regions/1]
  [4;36;1mSQL (0.2ms)[0m   [0;1mSET NAMES 'utf8'[0m
  [4;35;1mSQL (0.2ms)[0m   [0mSET SQL_AUTO_IS_NULL=0[0m


Processing RegionsController#index (for 127.0.0.1 at 2009-10-07 23:50:22) [GET]
  [4;36;1mRegion Load (0.6ms)[0m   [0;1mSELECT * FROM `regions` [0m
Rendering template within layouts/regions
Rendering regions/index
Completed in 56ms (View: 41, DB: 1) | 200 OK [http://localhost/regions]
  [4;35;1mSQL (0.2ms)[0m   [0mSET NAMES 'utf8'[0m
  [4;36;1mSQL (0.2ms)[0m   [0;1mSET SQL_AUTO_IS_NULL=0[0m


Processing SourcesController#new (for 127.0.0.1 at 2009-10-07 23:50:32) [GET]
  [4;35;1mSource Columns (2.6ms)[0m   [0mSHOW FIELDS FROM `sources`[0m
Rendering template within layouts/sources
Rendering sources/new
Completed in 154ms (View: 134, DB: 3) | 200 OK [http://localhost/sources/new]
  [4;36;1mSQL (0.2ms)[0m   [0;1mSET NAMES 'utf8'[0m
  [4;35;1mSQL (0.2ms)[0m   [0mSET SQL_AUTO_IS_NULL=0[0m


Processing SourcesController#new (for 127.0.0.1 at 2009-10-07 23:51:31) [GET]
Rendering template within layouts/sources
Rendering sources/new
Completed in 51ms (View: 37, DB: 0) | 200 OK [http://localhost/sources/new]
  [4;36;1mSQL (0.2ms)[0m   [0;1mSET NAMES 'utf8'[0m
  [4;35;1mSQL (0.2ms)[0m   [0mSET SQL_AUTO_IS_NULL=0[0m


Processing SourcesController#create (for 127.0.0.1 at 2009-10-07 23:52:02) [POST]
  Parameters: {"commit"=>"Create", "authenticity_token"=>"jDEHXDCeVGBcvJQ+6j5PHS/BJbzqC2e7iOa83TVbW+0=", "source"=>{"name"=>"New York Times", "url"=>"www.nytimes.com", "id"=>"1", "subscription_type"=>"public"}}
WARNING: Can't mass-assign these protected attributes: id
  [4;36;1mSQL (0.3ms)[0m   [0;1mBEGIN[0m
  [4;35;1mSource Load (0.6ms)[0m   [0mSELECT `sources`.id FROM `sources` WHERE (`sources`.`id` IS NULL) LIMIT 1[0m
  [4;36;1mSQL (0.3ms)[0m   [0;1mROLLBACK[0m
Rendering template within layouts/sources
Rendering sources/new
Completed in 69ms (View: 44, DB: 2) | 200 OK [http://localhost/sources]
  [4;35;1mSQL (0.2ms)[0m   [0mSET NAMES 'utf8'[0m
  [4;36;1mSQL (0.2ms)[0m   [0;1mSET SQL_AUTO_IS_NULL=0[0m


Processing SourcesController#create (for 127.0.0.1 at 2009-10-07 23:52:51) [POST]
  Parameters: {"commit"=>"Create", "authenticity_token"=>"jDEHXDCeVGBcvJQ+6j5PHS/BJbzqC2e7iOa83TVbW+0=", "source"=>{"name"=>"New York Times", "url"=>"www.nytimes.com", "id"=>"1", "subscription_type"=>"public"}}
WARNING: Can't mass-assign these protected attributes: id
  [4;35;1mSQL (0.3ms)[0m   [0mBEGIN[0m
  [4;36;1mSource Load (0.7ms)[0m   [0;1mSELECT `sources`.id FROM `sources` WHERE (`sources`.`id` = 1) LIMIT 1[0m
  [4;35;1mSource Create (0.7ms)[0m   [0mINSERT INTO `sources` (`name`, `url`, `id`, `subscription_type`) VALUES('New York Times', 'www.nytimes.com', 1, 'public')[0m
  [4;36;1mSQL (9.8ms)[0m   [0;1mCOMMIT[0m
Redirected to http://localhost:3000/sources/1
Completed in 42ms (DB: 12) | 302 Found [http://localhost/sources]
  [4;35;1mSQL (0.2ms)[0m   [0mSET NAMES 'utf8'[0m
  [4;36;1mSQL (0.2ms)[0m   [0;1mSET SQL_AUTO_IS_NULL=0[0m


Processing SourcesController#show (for 127.0.0.1 at 2009-10-07 23:52:52) [GET]
  Parameters: {"id"=>"1"}
  [4;35;1mSource Load (1.0ms)[0m   [0mSELECT * FROM `sources` WHERE (`sources`.`id` = 1) [0m
Rendering template within layouts/sources
Rendering sources/show
Completed in 40ms (View: 23, DB: 1) | 200 OK [http://localhost/sources/1]
  [4;36;1mSQL (0.4ms)[0m   [0;1mSET NAMES 'utf8'[0m
  [4;35;1mSQL (0.2ms)[0m   [0mSET SQL_AUTO_IS_NULL=0[0m
  [4;36;1mSource Load (0.7ms)[0m   [0;1mSELECT * FROM `sources` LIMIT 1[0m
  [4;35;1mSource Columns (1.7ms)[0m   [0mSHOW FIELDS FROM `sources`[0m
  [4;36;1mRegion Load (0.6ms)[0m   [0;1mSELECT * FROM `regions` LIMIT 1[0m
  [4;35;1mRegion Columns (1.8ms)[0m   [0mSHOW FIELDS FROM `regions`[0m
  [4;36;1mRegion Load (1.2ms)[0m   [0;1mSELECT `regions`.* FROM `regions` INNER JOIN `source_regions` ON `regions`.id = `source_regions`.region_id WHERE ((`source_regions`.source_id = 1)) [0m
  [4;35;1mSource Load (0.3ms)[0m   [0mSELECT * FROM `sources` LIMIT 1[0m
  [4;36;1mSQL (0.2ms)[0m   [0;1mBEGIN[0m
  [4;35;1mSourceRegion Columns (2.0ms)[0m   [0mSHOW FIELDS FROM `source_regions`[0m
  [4;36;1mSourceRegion Create (0.6ms)[0m   [0;1mINSERT INTO `source_regions` (`region_id`, `source_id`) VALUES(1, 1)[0m
  [4;35;1mSQL (3.7ms)[0m   [0mCOMMIT[0m
  [4;36;1mRegion Load (1.0ms)[0m   [0;1mSELECT `regions`.* FROM `regions` INNER JOIN `source_regions` ON `regions`.id = `source_regions`.region_id WHERE ((`source_regions`.source_id = 1)) [0m
  [4;35;1mSQL (0.3ms)[0m   [0mBEGIN[0m
  [4;36;1mSQL (0.3ms)[0m   [0;1mCOMMIT[0m
  [4;35;1mSource Load (0.3ms)[0m   [0mSELECT * FROM `sources` LIMIT 1[0m
  [4;36;1mRegion Load (0.7ms)[0m   [0;1mSELECT `regions`.* FROM `regions` INNER JOIN `source_regions` ON `regions`.id = `source_regions`.region_id WHERE ((`source_regions`.source_id = 1)) [0m
  [4;35;1mSQL (0.3ms)[0m   [0mBEGIN[0m
  [4;36;1mSourceRegion Create (0.6ms)[0m   [0;1mINSERT INTO `source_regions` (`region_id`, `source_id`) VALUES(1, 1)[0m
  [4;35;1mSQL (8.2ms)[0m   [0mCOMMIT[0m
  [4;36;1mSQL (1.0ms)[0m   [0;1mSHOW TABLES[0m
  [4;35;1mSQL (0.2ms)[0m   [0mBEGIN[0m
  [4;36;1mSourceRegion Create (0.5ms)[0m   [0;1mINSERT INTO `source_regions` (`region_id`, `source_id`) VALUES(1, 1)[0m
  [4;35;1mSQL (5.0ms)[0m   [0mCOMMIT[0m
  [4;36;1mSQL (0.3ms)[0m   [0;1mBEGIN[0m
  [4;35;1mSQL (0.3ms)[0m   [0mCOMMIT[0m
  [4;36;1mSource Load (0.3ms)[0m   [0;1mSELECT * FROM `sources` LIMIT 1[0m
  [4;35;1mRegion Load (1.3ms)[0m   [0mSELECT `regions`.* FROM `regions` INNER JOIN `source_regions` ON `regions`.id = `source_regions`.region_id WHERE ((`source_regions`.source_id = 1)) [0m
  [4;36;1mRegion Load (0.3ms)[0m   [0;1mSELECT * FROM `regions` LIMIT 1[0m
  [4;35;1mSQL (0.2ms)[0m   [0mBEGIN[0m
  [4;36;1mSourceRegion Create (0.5ms)[0m   [0;1mINSERT INTO `source_regions` (`region_id`, `source_id`) VALUES(1, 1)[0m
  [4;35;1mSQL (35.0ms)[0m   [0mCOMMIT[0m
  [4;36;1mSQL (0.3ms)[0m   [0;1mBEGIN[0m
  [4;35;1mSourceRegion Create (0.6ms)[0m   [0mINSERT INTO `source_regions` (`region_id`, `source_id`) VALUES(1, 1)[0m
  [4;36;1mSQL (6.7ms)[0m   [0;1mCOMMIT[0m
  [4;35;1mSQL (0.2ms)[0m   [0mBEGIN[0m
  [4;36;1mSourceRegion Create (0.6ms)[0m   [0;1mINSERT INTO `source_regions` (`region_id`, `source_id`) VALUES(1, 1)[0m
  [4;35;1mSQL (2.6ms)[0m   [0mCOMMIT[0m
  [4;36;1mSQL (0.2ms)[0m   [0;1mBEGIN[0m
  [4;35;1mSourceRegion Create (0.6ms)[0m   [0mINSERT INTO `source_regions` (`region_id`, `source_id`) VALUES(1, 1)[0m
  [4;36;1mSQL (4.4ms)[0m   [0;1mCOMMIT[0m
  [4;35;1mSQL (0.2ms)[0m   [0mBEGIN[0m
  [4;36;1mSourceRegion Create (0.5ms)[0m   [0;1mINSERT INTO `source_regions` (`region_id`, `source_id`) VALUES(1, 1)[0m
  [4;35;1mSQL (4.0ms)[0m   [0mCOMMIT[0m
  [4;36;1mSQL (0.4ms)[0m   [0;1mSET NAMES 'utf8'[0m
  [4;35;1mSQL (0.2ms)[0m   [0mSET SQL_AUTO_IS_NULL=0[0m
  [4;36;1mSQL (0.9ms)[0m   [0;1mSHOW TABLES[0m
  [4;35;1mSourceRegion Columns (1.6ms)[0m   [0mSHOW FIELDS FROM `source_regions`[0m
  [4;36;1mSourceRegion Delete all (3.1ms)[0m   [0;1mDELETE FROM `source_regions` [0m
  [4;36;1mSQL (0.3ms)[0m   [0;1mSET NAMES 'utf8'[0m
  [4;35;1mSQL (0.2ms)[0m   [0mSET SQL_AUTO_IS_NULL=0[0m


Processing SourcesController#associate_region (for 127.0.0.1 at 2009-10-08 00:13:58) [POST]
  Parameters: {"region"=>{"id"=>"1"}, "id"=>"1"}

ActionController::InvalidAuthenticityToken (ActionController::InvalidAuthenticityToken):
  /usr/lib/ruby/1.8/webrick/httpserver.rb:104:in `service'
  /usr/lib/ruby/1.8/webrick/httpserver.rb:65:in `run'
  /usr/lib/ruby/1.8/webrick/server.rb:173:in `start_thread'
  /usr/lib/ruby/1.8/webrick/server.rb:162:in `start'
  /usr/lib/ruby/1.8/webrick/server.rb:162:in `start_thread'
  /usr/lib/ruby/1.8/webrick/server.rb:95:in `start'
  /usr/lib/ruby/1.8/webrick/server.rb:92:in `each'
  /usr/lib/ruby/1.8/webrick/server.rb:92:in `start'
  /usr/lib/ruby/1.8/webrick/server.rb:23:in `start'
  /usr/lib/ruby/1.8/webrick/server.rb:82:in `start'

Rendered rescues/_trace (141.4ms)
Rendered rescues/_request_and_response (6.2ms)
Rendering rescues/layout (unprocessable_entity)
  [4;36;1mSQL (0.3ms)[0m   [0;1mSET NAMES 'utf8'[0m
  [4;35;1mSQL (0.2ms)[0m   [0mSET SQL_AUTO_IS_NULL=0[0m


Processing SourcesController#associate_region (for 127.0.0.1 at 2009-10-08 00:14:42) [POST]
  Parameters: {"region"=>{"id"=>"1"}, "id"=>"1"}
  [4;36;1mSource Columns (2.0ms)[0m   [0;1mSHOW FIELDS FROM `sources`[0m
  [4;35;1mSource Load (0.3ms)[0m   [0mSELECT * FROM `sources` WHERE (`sources`.`id` = 1) [0m
  [4;36;1mRegion Columns (1.6ms)[0m   [0;1mSHOW FIELDS FROM `regions`[0m
  [4;35;1mRegion Load (0.3ms)[0m   [0mSELECT * FROM `regions` WHERE (`regions`.`id` = 1) [0m
  [4;36;1mRegion Load (0.9ms)[0m   [0;1mSELECT `regions`.id FROM `regions` INNER JOIN `source_regions` ON `regions`.id = `source_regions`.region_id WHERE (`regions`.`id` = 1) AND ((`source_regions`.source_id = 1)) LIMIT 1[0m
  [4;35;1mSQL (0.3ms)[0m   [0mBEGIN[0m
  [4;36;1mSourceRegion Columns (1.5ms)[0m   [0;1mSHOW FIELDS FROM `source_regions`[0m
  [4;35;1mSourceRegion Create (0.6ms)[0m   [0mINSERT INTO `source_regions` (`region_id`, `source_id`) VALUES(1, 1)[0m
  [4;36;1mSQL (5.5ms)[0m   [0;1mCOMMIT[0m
  [4;35;1mSQL (0.2ms)[0m   [0mBEGIN[0m
  [4;36;1mSQL (0.3ms)[0m   [0;1mCOMMIT[0m
Redirected to http://localhost:3000/sources/1
Completed in 154ms (DB: 14) | 302 Found [http://localhost/sources/associate_region/1]
  [4;35;1mSQL (0.2ms)[0m   [0mSET NAMES 'utf8'[0m
  [4;36;1mSQL (0.2ms)[0m   [0;1mSET SQL_AUTO_IS_NULL=0[0m


Processing SourcesController#associate_region (for 127.0.0.1 at 2009-10-08 00:14:49) [POST]
  Parameters: {"region"=>{"id"=>"1"}, "id"=>"1"}
  [4;35;1mSource Load (0.4ms)[0m   [0mSELECT * FROM `sources` WHERE (`sources`.`id` = 1) [0m
  [4;36;1mRegion Load (0.3ms)[0m   [0;1mSELECT * FROM `regions` WHERE (`regions`.`id` = 1) [0m
  [4;35;1mRegion Load (1.0ms)[0m   [0mSELECT `regions`.id FROM `regions` INNER JOIN `source_regions` ON `regions`.id = `source_regions`.region_id WHERE (`regions`.`id` = 1) AND ((`source_regions`.source_id = 1)) LIMIT 1[0m
Redirected to http://localhost:3000/sources/1
Completed in 22ms (DB: 2) | 302 Found [http://localhost/sources/associate_region/1]
  [4;36;1mSQL (0.3ms)[0m   [0;1mSET NAMES 'utf8'[0m
  [4;35;1mSQL (0.2ms)[0m   [0mSET SQL_AUTO_IS_NULL=0[0m


Processing SourcesController#associate_region (for 127.0.0.1 at 2009-10-08 00:14:54) [POST]
  Parameters: {"region"=>{"id"=>"1"}, "id"=>"1"}
  [4;36;1mSource Load (0.4ms)[0m   [0;1mSELECT * FROM `sources` WHERE (`sources`.`id` = 1) [0m
  [4;35;1mRegion Load (0.2ms)[0m   [0mSELECT * FROM `regions` WHERE (`regions`.`id` = 1) [0m
  [4;36;1mRegion Load (0.3ms)[0m   [0;1mSELECT `regions`.id FROM `regions` INNER JOIN `source_regions` ON `regions`.id = `source_regions`.region_id WHERE (`regions`.`id` = 1) AND ((`source_regions`.source_id = 1)) LIMIT 1[0m
Redirected to http://localhost:3000/sources/1
Completed in 21ms (DB: 1) | 302 Found [http://localhost/sources/associate_region/1]
  [4;35;1mSQL (0.2ms)[0m   [0mSET NAMES 'utf8'[0m
  [4;36;1mSQL (0.2ms)[0m   [0;1mSET SQL_AUTO_IS_NULL=0[0m


Processing SourcesController#associate_region to xml (for 127.0.0.1 at 2009-10-08 00:15:10) [POST]
  Parameters: {"region"=>{"id"=>"1"}, "id"=>"1"}
  [4;35;1mSource Load (0.4ms)[0m   [0mSELECT * FROM `sources` WHERE (`sources`.`id` = 1) [0m
  [4;36;1mRegion Load (0.3ms)[0m   [0;1mSELECT * FROM `regions` WHERE (`regions`.`id` = 1) [0m
  [4;35;1mRegion Load (1.6ms)[0m   [0mSELECT `regions`.id FROM `regions` INNER JOIN `source_regions` ON `regions`.id = `source_regions`.region_id WHERE (`regions`.`id` = 1) AND ((`source_regions`.source_id = 1)) LIMIT 1[0m
Completed in 39ms (View: 17, DB: 3) | 500 Unknown Status :region_associated [http://localhost/sources/associate_region/1.xml]
  [4;36;1mSQL (0.3ms)[0m   [0;1mSET NAMES 'utf8'[0m
  [4;35;1mSQL (0.2ms)[0m   [0mSET SQL_AUTO_IS_NULL=0[0m


Processing SourcesController#associate_region to xml (for 127.0.0.1 at 2009-10-08 00:15:48) [POST]
  Parameters: {"region"=>{"id"=>"1"}, "id"=>"1"}
  [4;36;1mSource Load (0.4ms)[0m   [0;1mSELECT * FROM `sources` WHERE (`sources`.`id` = 1) [0m
  [4;35;1mRegion Load (0.2ms)[0m   [0mSELECT * FROM `regions` WHERE (`regions`.`id` = 1) [0m
  [4;36;1mRegion Load (0.3ms)[0m   [0;1mSELECT `regions`.id FROM `regions` INNER JOIN `source_regions` ON `regions`.id = `source_regions`.region_id WHERE (`regions`.`id` = 1) AND ((`source_regions`.source_id = 1)) LIMIT 1[0m
Completed in 26ms (View: 6, DB: 1) | 500 Unknown Status :region_associated [http://localhost/sources/associate_region/1.xml]
  [4;35;1mSQL (0.2ms)[0m   [0mSET NAMES 'utf8'[0m
  [4;36;1mSQL (0.2ms)[0m   [0;1mSET SQL_AUTO_IS_NULL=0[0m


Processing SourcesController#associate_region to xml (for 127.0.0.1 at 2009-10-08 00:16:25) [POST]
  Parameters: {"region"=>{"id"=>"1"}, "id"=>"1"}
  [4;35;1mSource Load (0.4ms)[0m   [0mSELECT * FROM `sources` WHERE (`sources`.`id` = 1) [0m
  [4;36;1mRegion Load (0.3ms)[0m   [0;1mSELECT * FROM `regions` WHERE (`regions`.`id` = 1) [0m
  [4;35;1mRegion Load (0.3ms)[0m   [0mSELECT `regions`.id FROM `regions` INNER JOIN `source_regions` ON `regions`.id = `source_regions`.region_id WHERE (`regions`.`id` = 1) AND ((`source_regions`.source_id = 1)) LIMIT 1[0m
Completed in 25ms (View: 6, DB: 1) | 200 OK [http://localhost/sources/associate_region/1.xml]
  [4;36;1mSQL (0.2ms)[0m   [0;1mSET NAMES 'utf8'[0m
  [4;35;1mSQL (0.2ms)[0m   [0mSET SQL_AUTO_IS_NULL=0[0m


Processing SourcesController#associate_region to xml (for 127.0.0.1 at 2009-10-08 00:16:34) [POST]
  Parameters: {"region"=>{"id"=>"1"}, "id"=>"1"}
  [4;36;1mSource Load (0.4ms)[0m   [0;1mSELECT * FROM `sources` WHERE (`sources`.`id` = 1) [0m
  [4;35;1mRegion Load (0.2ms)[0m   [0mSELECT * FROM `regions` WHERE (`regions`.`id` = 1) [0m
  [4;36;1mRegion Load (0.3ms)[0m   [0;1mSELECT `regions`.id FROM `regions` INNER JOIN `source_regions` ON `regions`.id = `source_regions`.region_id WHERE (`regions`.`id` = 1) AND ((`source_regions`.source_id = 1)) LIMIT 1[0m
Completed in 25ms (View: 6, DB: 1) | 200 OK [http://localhost/sources/associate_region/1.xml]
  [4;35;1mSQL (0.2ms)[0m   [0mSET NAMES 'utf8'[0m
  [4;36;1mSQL (0.2ms)[0m   [0;1mSET SQL_AUTO_IS_NULL=0[0m


Processing ApplicationController#index (for 127.0.0.1 at 2009-10-08 00:18:29) [POST]
  Parameters: {"source"=>{"name"=>"sdfsdfdsf"}}

ActionController::MethodNotAllowed (Only get, put, and delete requests are allowed.):
  /usr/lib/ruby/1.8/webrick/httpserver.rb:104:in `service'
  /usr/lib/ruby/1.8/webrick/httpserver.rb:65:in `run'
  /usr/lib/ruby/1.8/webrick/server.rb:173:in `start_thread'
  /usr/lib/ruby/1.8/webrick/server.rb:162:in `start'
  /usr/lib/ruby/1.8/webrick/server.rb:162:in `start_thread'
  /usr/lib/ruby/1.8/webrick/server.rb:95:in `start'
  /usr/lib/ruby/1.8/webrick/server.rb:92:in `each'
  /usr/lib/ruby/1.8/webrick/server.rb:92:in `start'
  /usr/lib/ruby/1.8/webrick/server.rb:23:in `start'
  /usr/lib/ruby/1.8/webrick/server.rb:82:in `start'

Rendered rescues/_trace (94.7ms)
Rendered rescues/_request_and_response (6.3ms)
Rendering rescues/layout (method_not_allowed)
  [4;35;1mSQL (0.2ms)[0m   [0mSET NAMES 'utf8'[0m
  [4;36;1mSQL (0.2ms)[0m   [0;1mSET SQL_AUTO_IS_NULL=0[0m


Processing ApplicationController#index (for 127.0.0.1 at 2009-10-08 00:18:56) [POST]
  Parameters: {"source"=>{"name"=>"sdfsdfdsf"}}

ActionController::MethodNotAllowed (Only get, put, and delete requests are allowed.):
  /usr/lib/ruby/1.8/webrick/httpserver.rb:104:in `service'
  /usr/lib/ruby/1.8/webrick/httpserver.rb:65:in `run'
  /usr/lib/ruby/1.8/webrick/server.rb:173:in `start_thread'
  /usr/lib/ruby/1.8/webrick/server.rb:162:in `start'
  /usr/lib/ruby/1.8/webrick/server.rb:162:in `start_thread'
  /usr/lib/ruby/1.8/webrick/server.rb:95:in `start'
  /usr/lib/ruby/1.8/webrick/server.rb:92:in `each'
  /usr/lib/ruby/1.8/webrick/server.rb:92:in `start'
  /usr/lib/ruby/1.8/webrick/server.rb:23:in `start'
  /usr/lib/ruby/1.8/webrick/server.rb:82:in `start'

Rendered rescues/_trace (267.2ms)
Rendered rescues/_request_and_response (1.2ms)
Rendering rescues/layout (method_not_allowed)
  [4;35;1mSQL (0.2ms)[0m   [0mSET NAMES 'utf8'[0m
  [4;36;1mSQL (0.2ms)[0m   [0;1mSET SQL_AUTO_IS_NULL=0[0m


Processing SourcesController#update to xml (for 127.0.0.1 at 2009-10-08 00:24:03) [PUT]
  Parameters: {"id"=>"1", "source"=>{"name"=>"sdfsdfdsf"}}
  [4;35;1mSource Load (0.4ms)[0m   [0mSELECT * FROM `sources` WHERE (`sources`.`id` = 1) [0m
  [4;36;1mSQL (0.2ms)[0m   [0;1mBEGIN[0m
  [4;35;1mSource Update (0.7ms)[0m   [0mUPDATE `sources` SET `name` = 'sdfsdfdsf' WHERE `id` = 1[0m
  [4;36;1mSQL (3.8ms)[0m   [0;1mCOMMIT[0m
Completed in 28ms (View: 2, DB: 6) | 200 OK [http://localhost/sources/1.xml]
  [4;36;1mSQL (0.3ms)[0m   [0;1mSET NAMES 'utf8'[0m
  [4;35;1mSQL (0.2ms)[0m   [0mSET SQL_AUTO_IS_NULL=0[0m
  [4;36;1mSourceRegion Delete all (6.8ms)[0m   [0;1mDELETE FROM `source_regions` [0m
  [4;35;1mSQL (0.3ms)[0m   [0mSET NAMES 'utf8'[0m
  [4;36;1mSQL (0.2ms)[0m   [0;1mSET SQL_AUTO_IS_NULL=0[0m


Processing SourcesController#associate_region to xml (for 127.0.0.1 at 2009-10-08 00:30:33) [POST]
  Parameters: {"region"=>{"id"=>"1"}, "id"=>"1"}
  [4;35;1mSource Load (0.7ms)[0m   [0mSELECT * FROM `sources` WHERE (`sources`.`id` = 1) [0m
  [4;36;1mRegion Load (0.3ms)[0m   [0;1mSELECT * FROM `regions` WHERE (`regions`.`id` = 1) [0m
  [4;35;1mRegion Load (0.9ms)[0m   [0mSELECT `regions`.id FROM `regions` INNER JOIN `source_regions` ON `regions`.id = `source_regions`.region_id WHERE (`regions`.`id` = 1) AND ((`source_regions`.source_id = 1)) LIMIT 1[0m
  [4;36;1mSQL (0.2ms)[0m   [0;1mBEGIN[0m
  [4;35;1mSourceRegion Create (0.6ms)[0m   [0mINSERT INTO `source_regions` (`region_id`, `source_id`) VALUES(1, 1)[0m
  [4;36;1mSQL (5.6ms)[0m   [0;1mCOMMIT[0m
  [4;35;1mSQL (0.2ms)[0m   [0mBEGIN[0m
  [4;36;1mSQL (0.2ms)[0m   [0;1mCOMMIT[0m
Completed in 47ms (View: 6, DB: 9) | 200 OK [http://localhost/sources/associate_region/1.xml]
  [4;36;1mSQL (0.3ms)[0m   [0;1mSET NAMES 'utf8'[0m
  [4;35;1mSQL (0.2ms)[0m   [0mSET SQL_AUTO_IS_NULL=0[0m


Processing SourcesController#associate_region to xml (for 127.0.0.1 at 2009-10-08 00:35:30) [DELETE]
  Parameters: {"region"=>{"id"=>"1"}, "id"=>"1"}
  [4;36;1mSource Columns (1.9ms)[0m   [0;1mSHOW FIELDS FROM `sources`[0m
  [4;35;1mSource Load (0.3ms)[0m   [0mSELECT * FROM `sources` WHERE (`sources`.`id` = 1) [0m
  [4;36;1mRegion Columns (1.7ms)[0m   [0;1mSHOW FIELDS FROM `regions`[0m
  [4;35;1mRegion Load (0.3ms)[0m   [0mSELECT * FROM `regions` WHERE (`regions`.`id` = 1) [0m
  [4;36;1mRegion Load (1.0ms)[0m   [0;1mSELECT `regions`.id FROM `regions` INNER JOIN `source_regions` ON `regions`.id = `source_regions`.region_id WHERE (`regions`.`id` = 1) AND ((`source_regions`.source_id = 1)) LIMIT 1[0m
Completed in 48ms (View: 12, DB: 6) | 200 OK [http://localhost/sources/associate_region/1.xml]
  [4;36;1mSQL (0.4ms)[0m   [0;1mSET NAMES 'utf8'[0m
  [4;35;1mSQL (0.2ms)[0m   [0mSET SQL_AUTO_IS_NULL=0[0m
  [4;36;1mSourceRegion Load (0.6ms)[0m   [0;1mSELECT * FROM `source_regions` [0m
  [4;35;1mSourceRegion Columns (1.8ms)[0m   [0mSHOW FIELDS FROM `source_regions`[0m
  [4;35;1mSQL (0.2ms)[0m   [0mSET NAMES 'utf8'[0m
  [4;36;1mSQL (0.3ms)[0m   [0;1mSET SQL_AUTO_IS_NULL=0[0m


Processing SourcesController#associate_region to xml (for 127.0.0.1 at 2009-10-08 00:36:33) [DELETE]
  Parameters: {"region"=>{"id"=>"1"}, "id"=>"1"}
  [4;35;1mSource Load (0.3ms)[0m   [0mSELECT * FROM `sources` WHERE (`sources`.`id` = 1) [0m
  [4;36;1mRegion Load (0.3ms)[0m   [0;1mSELECT * FROM `regions` WHERE (`regions`.`id` = 1) [0m
  [4;35;1mRegion Load (0.2ms)[0m   [0mSELECT `regions`.id FROM `regions` INNER JOIN `source_regions` ON `regions`.id = `source_regions`.region_id WHERE (`regions`.`id` = 1) AND ((`source_regions`.source_id = 1)) LIMIT 1[0m
Completed in 22ms (View: 2, DB: 1) | 200 OK [http://localhost/sources/associate_region/1.xml]
  [4;36;1mSourceRegion Load (0.3ms)[0m   [0;1mSELECT * FROM `source_regions` [0m
  [4;35;1mSource Load (0.6ms)[0m   [0mSELECT * FROM `sources` LIMIT 1[0m
  [4;36;1mSource Columns (1.7ms)[0m   [0;1mSHOW FIELDS FROM `sources`[0m
  [4;35;1mRegion Load (0.3ms)[0m   [0mSELECT * FROM `regions` LIMIT 1[0m
  [4;36;1mRegion Columns (1.6ms)[0m   [0;1mSHOW FIELDS FROM `regions`[0m
  [4;35;1mSQL (0.3ms)[0m   [0mBEGIN[0m
  [4;36;1mSourceRegion Delete all (0.8ms)[0m   [0;1mDELETE FROM `source_regions` WHERE (`source_regions`.`region_id` = 1 AND `source_regions`.`source_id` = 1) [0m
  [4;35;1mSQL (14.2ms)[0m   [0mCOMMIT[0m
  [4;36;1mSQL (0.3ms)[0m   [0;1mBEGIN[0m
  [4;35;1mSourceRegion Delete all (0.6ms)[0m   [0mDELETE FROM `source_regions` WHERE (`source_regions`.`region_id` = 1 AND `source_regions`.`source_id` = 1) [0m
  [4;36;1mSQL (0.2ms)[0m   [0;1mCOMMIT[0m
  [4;35;1mSQL (0.3ms)[0m   [0mBEGIN[0m
  [4;36;1mSQL (0.3ms)[0m   [0;1mCOMMIT[0m
  [4;35;1mRegion Load (0.4ms)[0m   [0mSELECT * FROM `regions` LIMIT 1[0m
  [4;36;1mSource Load (0.3ms)[0m   [0;1mSELECT * FROM `sources` LIMIT 1[0m
  [4;35;1mRegion Load (0.9ms)[0m   [0mSELECT `regions`.* FROM `regions` INNER JOIN `source_regions` ON `regions`.id = `source_regions`.region_id WHERE ((`source_regions`.source_id = 1)) [0m
  [4;36;1mSourceRegion Load (1.2ms)[0m   [0;1mSELECT * FROM `source_regions` [0m
  [4;36;1mSQL (0.2ms)[0m   [0;1mSET NAMES 'utf8'[0m
  [4;35;1mSQL (0.5ms)[0m   [0mSET SQL_AUTO_IS_NULL=0[0m


Processing SourcesController#associate_region to xml (for 127.0.0.1 at 2009-10-08 00:38:42) [PUT]
  Parameters: {"region"=>{"id"=>"1"}, "id"=>"1"}
  [4;36;1mSource Load (0.3ms)[0m   [0;1mSELECT * FROM `sources` WHERE (`sources`.`id` = 1) [0m
  [4;35;1mRegion Load (0.2ms)[0m   [0mSELECT * FROM `regions` WHERE (`regions`.`id` = 1) [0m
  [4;36;1mRegion Load (1.3ms)[0m   [0;1mSELECT `regions`.id FROM `regions` INNER JOIN `source_regions` ON `regions`.id = `source_regions`.region_id WHERE (`regions`.`id` = 1) AND ((`source_regions`.source_id = 1)) LIMIT 1[0m
  [4;35;1mSQL (0.3ms)[0m   [0mBEGIN[0m
  [4;36;1mSourceRegion Columns (2.0ms)[0m   [0;1mSHOW FIELDS FROM `source_regions`[0m
  [4;35;1mSourceRegion Create (0.6ms)[0m   [0mINSERT INTO `source_regions` (`region_id`, `source_id`) VALUES(1, 1)[0m
  [4;36;1mSQL (7.3ms)[0m   [0;1mCOMMIT[0m
  [4;35;1mSQL (0.2ms)[0m   [0mBEGIN[0m
  [4;36;1mSQL (0.2ms)[0m   [0;1mCOMMIT[0m
Completed in 61ms (View: 2, DB: 13) | 200 OK [http://localhost/sources/associate_region/1.xml]
  [4;35;1mSource Load (0.3ms)[0m   [0mSELECT * FROM `sources` LIMIT 1[0m
  [4;36;1mRegion Load (1.0ms)[0m   [0;1mSELECT `regions`.* FROM `regions` INNER JOIN `source_regions` ON `regions`.id = `source_regions`.region_id WHERE ((`source_regions`.source_id = 1)) [0m
  [4;35;1mSQL (0.2ms)[0m   [0mSET NAMES 'utf8'[0m
  [4;36;1mSQL (0.2ms)[0m   [0;1mSET SQL_AUTO_IS_NULL=0[0m


Processing SourcesController#disassociate_region to xml (for 127.0.0.1 at 2009-10-08 00:39:15) [DELETE]
  Parameters: {"region"=>{"id"=>"1"}, "id"=>"1"}
  [4;35;1mSource Load (0.3ms)[0m   [0mSELECT * FROM `sources` WHERE (`sources`.`id` = 1) [0m
  [4;36;1mRegion Load (0.2ms)[0m   [0;1mSELECT * FROM `regions` WHERE (`regions`.`id` = 1) [0m
  [4;35;1mRegion Load (1.2ms)[0m   [0mSELECT `regions`.id FROM `regions` INNER JOIN `source_regions` ON `regions`.id = `source_regions`.region_id WHERE (`regions`.`id` = 1) AND ((`source_regions`.source_id = 1)) LIMIT 1[0m
  [4;36;1mSQL (1.6ms)[0m   [0;1mBEGIN[0m
  [4;35;1mSourceRegion Delete all (1.0ms)[0m   [0mDELETE FROM `source_regions` WHERE (`source_regions`.`region_id` = 1 AND `source_regions`.`source_id` = 1) [0m
  [4;36;1mSQL (3.9ms)[0m   [0;1mCOMMIT[0m
  [4;35;1mSQL (0.2ms)[0m   [0mBEGIN[0m
  [4;36;1mSQL (0.2ms)[0m   [0;1mCOMMIT[0m
Completed in 41ms (View: 2, DB: 9) | 200 OK [http://localhost/sources/disassociate_region/1.xml]
  [4;35;1mSource Load (0.3ms)[0m   [0mSELECT * FROM `sources` LIMIT 1[0m
  [4;36;1mRegion Load (0.8ms)[0m   [0;1mSELECT `regions`.* FROM `regions` INNER JOIN `source_regions` ON `regions`.id = `source_regions`.region_id WHERE ((`source_regions`.source_id = 1)) [0m
  [4;36;1mSQL (0.3ms)[0m   [0;1mSET NAMES 'utf8'[0m
  [4;35;1mSQL (0.2ms)[0m   [0mSET SQL_AUTO_IS_NULL=0[0m
  [4;36;1mSQL (1.0ms)[0m   [0;1mSHOW TABLES[0m
  [4;35;1mCategory Columns (1.8ms)[0m   [0mSHOW FIELDS FROM `categories`[0m
  [4;35;1mSQL (0.2ms)[0m   [0mSET NAMES 'utf8'[0m
  [4;36;1mSQL (0.2ms)[0m   [0;1mSET SQL_AUTO_IS_NULL=0[0m


Processing FeedsController#create to xml (for 127.0.0.1 at 2009-10-08 01:19:56) [POST]
  Parameters: {"feed"=>{"is_blog"=>"0", "url"=>"http://www.ggoogle.com/", "website"=>"www.google.com", "publication"=>"pp", "id"=>"1", "is_opinion"=>"0", "language_code"=>"en", "source_id"=>"1", "is_video"=>"0", "subscription_type"=>"public"}}
  [4;35;1mLanguage Columns (1.7ms)[0m   [0mSHOW FIELDS FROM `languages`[0m
  [4;36;1mLanguage Load (0.7ms)[0m   [0;1mSELECT * FROM `languages` WHERE (`languages`.`code` = 'en') LIMIT 1[0m
  [4;35;1mFeed Columns (3.2ms)[0m   [0mSHOW FIELDS FROM `feeds`[0m
WARNING: Can't mass-assign these protected attributes: id

ActiveRecord::AssociationTypeMismatch (SubscriptionType(#-611417648) expected, got String(#-605684748)):
  app/controllers/feeds_controller.rb:47:in `new'
  app/controllers/feeds_controller.rb:47:in `create'
  /usr/lib/ruby/1.8/webrick/httpserver.rb:104:in `service'
  /usr/lib/ruby/1.8/webrick/httpserver.rb:65:in `run'
  /usr/lib/ruby/1.8/webrick/server.rb:173:in `start_thread'
  /usr/lib/ruby/1.8/webrick/server.rb:162:in `start'
  /usr/lib/ruby/1.8/webrick/server.rb:162:in `start_thread'
  /usr/lib/ruby/1.8/webrick/server.rb:95:in `start'
  /usr/lib/ruby/1.8/webrick/server.rb:92:in `each'
  /usr/lib/ruby/1.8/webrick/server.rb:92:in `start'
  /usr/lib/ruby/1.8/webrick/server.rb:23:in `start'
  /usr/lib/ruby/1.8/webrick/server.rb:82:in `start'

Rendered rescues/_trace (151.3ms)
Rendered rescues/_request_and_response (6.6ms)
Rendering rescues/layout (internal_server_error)
  [4;36;1mSQL (0.3ms)[0m   [0;1mSET NAMES 'utf8'[0m
  [4;35;1mSQL (0.2ms)[0m   [0mSET SQL_AUTO_IS_NULL=0[0m


Processing FeedsController#create to xml (for 127.0.0.1 at 2009-10-08 01:21:40) [POST]
  Parameters: {"feed"=>{"is_blog"=>"0", "url"=>"http://www.ggoogle.com/", "website"=>"www.google.com", "publication"=>"pp", "id"=>"1", "is_opinion"=>"0", "language_code"=>"en", "source_id"=>"1", "is_video"=>"0", "subscription_type"=>"public"}}
  [4;36;1mLanguage Load (0.7ms)[0m   [0;1mSELECT * FROM `languages` WHERE (`languages`.`code` = 'en') LIMIT 1[0m
WARNING: Can't mass-assign these protected attributes: id

ActiveRecord::AssociationTypeMismatch (SubscriptionType(#-611417648) expected, got String(#-605684748)):
  app/controllers/feeds_controller.rb:47:in `new'
  app/controllers/feeds_controller.rb:47:in `create'
  /usr/lib/ruby/1.8/webrick/httpserver.rb:104:in `service'
  /usr/lib/ruby/1.8/webrick/httpserver.rb:65:in `run'
  /usr/lib/ruby/1.8/webrick/server.rb:173:in `start_thread'
  /usr/lib/ruby/1.8/webrick/server.rb:162:in `start'
  /usr/lib/ruby/1.8/webrick/server.rb:162:in `start_thread'
  /usr/lib/ruby/1.8/webrick/server.rb:95:in `start'
  /usr/lib/ruby/1.8/webrick/server.rb:92:in `each'
  /usr/lib/ruby/1.8/webrick/server.rb:92:in `start'
  /usr/lib/ruby/1.8/webrick/server.rb:23:in `start'
  /usr/lib/ruby/1.8/webrick/server.rb:82:in `start'

Rendered rescues/_trace (150.8ms)
Rendered rescues/_request_and_response (1.4ms)
Rendering rescues/layout (internal_server_error)
  [4;36;1mSQL (0.3ms)[0m   [0;1mSET NAMES 'utf8'[0m
  [4;35;1mSQL (0.2ms)[0m   [0mSET SQL_AUTO_IS_NULL=0[0m


Processing FeedsController#create to xml (for 127.0.0.1 at 2009-10-08 01:23:14) [POST]
  Parameters: {"feed"=>{"is_blog"=>"0", "url"=>"http://www.ggoogle.com/", "website"=>"www.google.com", "publication"=>"pp", "id"=>"1", "is_opinion"=>"0", "language_code"=>"en", "source_id"=>"1", "is_video"=>"0", "subscription_type"=>"public"}}
  [4;36;1mLanguage Columns (2.1ms)[0m   [0;1mSHOW FIELDS FROM `languages`[0m
  [4;35;1mLanguage Load (0.3ms)[0m   [0mSELECT * FROM `languages` WHERE (`languages`.`code` = 'en') LIMIT 1[0m
  [4;36;1mFeed Columns (2.6ms)[0m   [0;1mSHOW FIELDS FROM `feeds`[0m
WARNING: Can't mass-assign these protected attributes: id
  [4;35;1mSQL (0.3ms)[0m   [0mBEGIN[0m
  [4;36;1mFeed Load (0.6ms)[0m   [0;1mSELECT `feeds`.id FROM `feeds` WHERE (`feeds`.`id` = 1) LIMIT 1[0m
  [4;35;1mSQL (0.3ms)[0m   [0mROLLBACK[0m
Completed in 80ms (View: 34, DB: 7) | 422 Unprocessable Entity [http://localhost/feeds.xml]
  [4;36;1mSQL (0.3ms)[0m   [0;1mSET NAMES 'utf8'[0m
  [4;35;1mSQL (0.2ms)[0m   [0mSET SQL_AUTO_IS_NULL=0[0m
  [4;36;1mSQL (1.0ms)[0m   [0;1mSHOW TABLES[0m
  [4;35;1mFeed Columns (2.4ms)[0m   [0mSHOW FIELDS FROM `feeds`[0m
  [4;36;1mFeed Load (0.6ms)[0m   [0;1mSELECT * FROM `feeds` LIMIT 1[0m
  [4;36;1mSQL (0.2ms)[0m   [0;1mSET NAMES 'utf8'[0m
  [4;35;1mSQL (0.3ms)[0m   [0mSET SQL_AUTO_IS_NULL=0[0m


Processing FeedsController#create to xml (for 127.0.0.1 at 2009-10-08 01:24:44) [POST]
  Parameters: {"feed"=>{"is_blog"=>"0", "url"=>"http://www.ggoogle.com/", "website"=>"www.google.com", "publication"=>"pp", "id"=>"1", "is_opinion"=>"0", "language_code"=>"en", "source_id"=>"1", "is_video"=>"0", "subscription_type"=>"public"}}
  [4;36;1mLanguage Load (0.3ms)[0m   [0;1mSELECT * FROM `languages` WHERE (`languages`.`code` = 'en') LIMIT 1[0m
WARNING: Can't mass-assign these protected attributes: id
  [4;35;1mSQL (0.2ms)[0m   [0mBEGIN[0m
  [4;36;1mFeed Load (0.3ms)[0m   [0;1mSELECT `feeds`.id FROM `feeds` WHERE (`feeds`.`id` = 1) LIMIT 1[0m
  [4;35;1mSQL (0.3ms)[0m   [0mROLLBACK[0m
Completed in 57ms (View: 32, DB: 2) | 422 Unprocessable Entity [http://localhost/feeds.xml]
  [4;36;1mSQL (0.2ms)[0m   [0;1mSET NAMES 'utf8'[0m
  [4;35;1mSQL (0.2ms)[0m   [0mSET SQL_AUTO_IS_NULL=0[0m


Processing FeedsController#create to xml (for 127.0.0.1 at 2009-10-08 01:25:23) [POST]
  Parameters: {"feed"=>{"is_blog"=>"false", "url"=>"http://www.ggoogle.com/", "website"=>"www.google.com", "publication"=>"pp", "id"=>"1", "is_opinion"=>"false", "language_code"=>"en", "source_id"=>"1", "is_video"=>"false", "subscription_type"=>"public"}}
  [4;36;1mLanguage Load (0.3ms)[0m   [0;1mSELECT * FROM `languages` WHERE (`languages`.`code` = 'en') LIMIT 1[0m
WARNING: Can't mass-assign these protected attributes: id
  [4;35;1mSQL (0.2ms)[0m   [0mBEGIN[0m
  [4;36;1mFeed Load (0.3ms)[0m   [0;1mSELECT `feeds`.id FROM `feeds` WHERE (`feeds`.`id` = 1) LIMIT 1[0m
  [4;35;1mSQL (0.4ms)[0m   [0mROLLBACK[0m
Completed in 216ms (View: 190, DB: 2) | 422 Unprocessable Entity [http://localhost/feeds.xml]
  [4;36;1mSQL (0.2ms)[0m   [0;1mSET NAMES 'utf8'[0m
  [4;35;1mSQL (0.2ms)[0m   [0mSET SQL_AUTO_IS_NULL=0[0m


Processing FeedsController#create to xml (for 127.0.0.1 at 2009-10-08 01:27:03) [POST]
  Parameters: {"feed"=>{"is_blog"=>"false", "url"=>"http://www.ggoogle.com/", "website"=>"www.google.com", "publication"=>"pp", "id"=>"1", "is_opinion"=>"false", "language_code"=>"en", "source_id"=>"1", "is_video"=>"false", "subscription_type"=>"public"}}
  [4;36;1mLanguage Load (0.3ms)[0m   [0;1mSELECT * FROM `languages` WHERE (`languages`.`code` = 'en') LIMIT 1[0m
WARNING: Can't mass-assign these protected attributes: id
  [4;35;1mSQL (0.2ms)[0m   [0mBEGIN[0m
  [4;36;1mFeed Load (0.3ms)[0m   [0;1mSELECT `feeds`.id FROM `feeds` WHERE (`feeds`.`id` = 1) LIMIT 1[0m
  [4;35;1mSQL (0.4ms)[0m   [0mROLLBACK[0m
Completed in 61ms (View: 36, DB: 2) | 422 Unprocessable Entity [http://localhost/feeds.xml]
  [4;36;1mSQL (0.3ms)[0m   [0;1mSET NAMES 'utf8'[0m
  [4;35;1mSQL (0.4ms)[0m   [0mSET SQL_AUTO_IS_NULL=0[0m


Processing FeedsController#create to xml (for 127.0.0.1 at 2009-10-08 01:28:53) [POST]
  Parameters: {"feed"=>{"is_blog"=>"false", "url"=>"http://www.ggoogle.com/", "website"=>"www.google.com", "publication"=>"pp", "id"=>"1", "is_opinion"=>"false", "language_code"=>"en", "source_id"=>"1", "is_video"=>"false", "subscription_type"=>"public"}}
  [4;36;1mLanguage Columns (1.9ms)[0m   [0;1mSHOW FIELDS FROM `languages`[0m
  [4;35;1mLanguage Load (0.3ms)[0m   [0mSELECT * FROM `languages` WHERE (`languages`.`code` = 'en') LIMIT 1[0m
  [4;36;1mFeed Columns (2.3ms)[0m   [0;1mSHOW FIELDS FROM `feeds`[0m
WARNING: Can't mass-assign these protected attributes: id
  [4;35;1mSQL (0.2ms)[0m   [0mBEGIN[0m
  [4;36;1mFeed Load (0.3ms)[0m   [0;1mSELECT `feeds`.id FROM `feeds` WHERE (`feeds`.`id` = 1) LIMIT 1[0m
  [4;35;1mSQL (0.3ms)[0m   [0mROLLBACK[0m
Completed in 80ms (View: 34, DB: 6) | 422 Unprocessable Entity [http://localhost/feeds.xml]
  [4;36;1mSQL (0.5ms)[0m   [0;1mSET NAMES 'utf8'[0m
  [4;35;1mSQL (0.3ms)[0m   [0mSET SQL_AUTO_IS_NULL=0[0m


Processing FeedsController#create to xml (for 127.0.0.1 at 2009-10-08 01:29:37) [POST]
  Parameters: {"feed"=>{"is_blog"=>"false", "url"=>"http://www.ggoogle.com/", "website"=>"www.google.com", "publication"=>"pp", "id"=>"1", "is_opinion"=>"false", "language_code"=>"en", "source_id"=>"1", "is_video"=>"false", "subscription_type"=>"public"}}
  [4;36;1mLanguage Columns (1.8ms)[0m   [0;1mSHOW FIELDS FROM `languages`[0m
  [4;35;1mLanguage Load (0.3ms)[0m   [0mSELECT * FROM `languages` WHERE (`languages`.`code` = 'en') LIMIT 1[0m
  [4;36;1mFeed Columns (2.3ms)[0m   [0;1mSHOW FIELDS FROM `feeds`[0m
WARNING: Can't mass-assign these protected attributes: id
  [4;35;1mSQL (0.3ms)[0m   [0mBEGIN[0m
  [4;36;1mFeed Load (0.3ms)[0m   [0;1mSELECT `feeds`.id FROM `feeds` WHERE (`feeds`.`id` = 1) LIMIT 1[0m
  [4;35;1mSQL (0.3ms)[0m   [0mROLLBACK[0m
Completed in 80ms (View: 34, DB: 6) | 422 Unprocessable Entity [http://localhost/feeds.xml]
  [4;36;1mSQL (0.4ms)[0m   [0;1mSET NAMES 'utf8'[0m
  [4;35;1mSQL (0.3ms)[0m   [0mSET SQL_AUTO_IS_NULL=0[0m


Processing FeedsController#create to xml (for 127.0.0.1 at 2009-10-08 01:30:28) [POST]
  Parameters: {"feed"=>{"is_blog"=>"false", "url"=>"http://www.ggoogle.com/", "website"=>"www.google.com", "publication"=>"pp", "id"=>"1", "is_opinion"=>"false", "language_code"=>"en", "source_id"=>"1", "is_video"=>"false", "subscription_type"=>"public"}}
  [4;36;1mLanguage Load (0.3ms)[0m   [0;1mSELECT * FROM `languages` WHERE (`languages`.`code` = 'en') LIMIT 1[0m
WARNING: Can't mass-assign these protected attributes: id

RuntimeError (#<Feed id: 1, url: "http://www.ggoogle.com/", publication: "pp", website: "www.google.com", is_opinion: false, is_video: false, is_blog: false, subscription_type: "public", language_id: 38, source_id: 1>):
  app/controllers/feeds_controller.rb:55:in `create'
  /usr/lib/ruby/1.8/webrick/httpserver.rb:104:in `service'
  /usr/lib/ruby/1.8/webrick/httpserver.rb:65:in `run'
  /usr/lib/ruby/1.8/webrick/server.rb:173:in `start_thread'
  /usr/lib/ruby/1.8/webrick/server.rb:162:in `start'
  /usr/lib/ruby/1.8/webrick/server.rb:162:in `start_thread'
  /usr/lib/ruby/1.8/webrick/server.rb:95:in `start'
  /usr/lib/ruby/1.8/webrick/server.rb:92:in `each'
  /usr/lib/ruby/1.8/webrick/server.rb:92:in `start'
  /usr/lib/ruby/1.8/webrick/server.rb:23:in `start'
  /usr/lib/ruby/1.8/webrick/server.rb:82:in `start'

Rendered rescues/_trace (299.7ms)
Rendered rescues/_request_and_response (6.6ms)
Rendering rescues/layout (internal_server_error)
  [4;35;1mSQL (0.2ms)[0m   [0mSET NAMES 'utf8'[0m
  [4;36;1mSQL (0.3ms)[0m   [0;1mSET SQL_AUTO_IS_NULL=0[0m


Processing FeedsController#create to xml (for 127.0.0.1 at 2009-10-08 01:32:06) [POST]
  Parameters: {"feed"=>{"is_blog"=>"false", "url"=>"http://www.ggoogle.com/", "website"=>"www.google.com", "publication"=>"pp", "id"=>"1", "is_opinion"=>"false", "language_code"=>"en", "source_id"=>"1", "is_video"=>"false", "subscription_type"=>"public"}}
  [4;35;1mLanguage Load (0.3ms)[0m   [0mSELECT * FROM `languages` WHERE (`languages`.`code` = 'en') LIMIT 1[0m
WARNING: Can't mass-assign these protected attributes: id

RuntimeError (#<Feed id: 1, url: "http://www.ggoogle.com/", publication: "pp", website: "www.google.com", is_opinion: false, is_video: false, is_blog: false, subscription_type: "public", language_id: 38, source_id: 1>):
  app/controllers/feeds_controller.rb:50:in `create'
  /usr/lib/ruby/1.8/webrick/httpserver.rb:104:in `service'
  /usr/lib/ruby/1.8/webrick/httpserver.rb:65:in `run'
  /usr/lib/ruby/1.8/webrick/server.rb:173:in `start_thread'
  /usr/lib/ruby/1.8/webrick/server.rb:162:in `start'
  /usr/lib/ruby/1.8/webrick/server.rb:162:in `start_thread'
  /usr/lib/ruby/1.8/webrick/server.rb:95:in `start'
  /usr/lib/ruby/1.8/webrick/server.rb:92:in `each'
  /usr/lib/ruby/1.8/webrick/server.rb:92:in `start'
  /usr/lib/ruby/1.8/webrick/server.rb:23:in `start'
  /usr/lib/ruby/1.8/webrick/server.rb:82:in `start'

Rendered rescues/_trace (126.3ms)
Rendered rescues/_request_and_response (7.8ms)
Rendering rescues/layout (internal_server_error)
  [4;36;1mSQL (0.3ms)[0m   [0;1mSET NAMES 'utf8'[0m
  [4;35;1mSQL (0.3ms)[0m   [0mSET SQL_AUTO_IS_NULL=0[0m


Processing FeedsController#create to xml (for 127.0.0.1 at 2009-10-08 01:32:25) [POST]
  Parameters: {"feed"=>{"is_blog"=>"true", "url"=>"http://www.ggoogle.com/", "website"=>"www.google.com", "publication"=>"pp", "id"=>"1", "is_opinion"=>"false", "language_code"=>"en", "source_id"=>"1", "is_video"=>"false", "subscription_type"=>"public"}}
  [4;36;1mLanguage Load (0.3ms)[0m   [0;1mSELECT * FROM `languages` WHERE (`languages`.`code` = 'en') LIMIT 1[0m
WARNING: Can't mass-assign these protected attributes: id

RuntimeError (#<Feed id: 1, url: "http://www.ggoogle.com/", publication: "pp", website: "www.google.com", is_opinion: false, is_video: false, is_blog: true, subscription_type: "public", language_id: 38, source_id: 1>):
  app/controllers/feeds_controller.rb:50:in `create'
  /usr/lib/ruby/1.8/webrick/httpserver.rb:104:in `service'
  /usr/lib/ruby/1.8/webrick/httpserver.rb:65:in `run'
  /usr/lib/ruby/1.8/webrick/server.rb:173:in `start_thread'
  /usr/lib/ruby/1.8/webrick/server.rb:162:in `start'
  /usr/lib/ruby/1.8/webrick/server.rb:162:in `start_thread'
  /usr/lib/ruby/1.8/webrick/server.rb:95:in `start'
  /usr/lib/ruby/1.8/webrick/server.rb:92:in `each'
  /usr/lib/ruby/1.8/webrick/server.rb:92:in `start'
  /usr/lib/ruby/1.8/webrick/server.rb:23:in `start'
  /usr/lib/ruby/1.8/webrick/server.rb:82:in `start'

Rendered rescues/_trace (128.2ms)
Rendered rescues/_request_and_response (1.5ms)
Rendering rescues/layout (internal_server_error)
  [4;35;1mSQL (0.2ms)[0m   [0mSET NAMES 'utf8'[0m
  [4;36;1mSQL (0.3ms)[0m   [0;1mSET SQL_AUTO_IS_NULL=0[0m


Processing FeedsController#create to xml (for 127.0.0.1 at 2009-10-08 01:32:59) [POST]
  Parameters: {"feed"=>{"is_blog"=>"true", "url"=>"http://www.ggoogle.com/", "website"=>"www.google.com", "publication"=>"pp", "id"=>"1", "is_opinion"=>"false", "language_code"=>"en", "source_id"=>"1", "is_video"=>"false", "subscription_type"=>"public"}}
  [4;35;1mLanguage Load (0.4ms)[0m   [0mSELECT * FROM `languages` WHERE (`languages`.`code` = 'en') LIMIT 1[0m
WARNING: Can't mass-assign these protected attributes: id

RuntimeError (TrueClass):
  app/controllers/feeds_controller.rb:50:in `create'
  /usr/lib/ruby/1.8/webrick/httpserver.rb:104:in `service'
  /usr/lib/ruby/1.8/webrick/httpserver.rb:65:in `run'
  /usr/lib/ruby/1.8/webrick/server.rb:173:in `start_thread'
  /usr/lib/ruby/1.8/webrick/server.rb:162:in `start'
  /usr/lib/ruby/1.8/webrick/server.rb:162:in `start_thread'
  /usr/lib/ruby/1.8/webrick/server.rb:95:in `start'
  /usr/lib/ruby/1.8/webrick/server.rb:92:in `each'
  /usr/lib/ruby/1.8/webrick/server.rb:92:in `start'
  /usr/lib/ruby/1.8/webrick/server.rb:23:in `start'
  /usr/lib/ruby/1.8/webrick/server.rb:82:in `start'

Rendered rescues/_trace (315.6ms)
Rendered rescues/_request_and_response (1.5ms)
Rendering rescues/layout (internal_server_error)
  [4;36;1mSQL (0.2ms)[0m   [0;1mSET NAMES 'utf8'[0m
  [4;35;1mSQL (0.3ms)[0m   [0mSET SQL_AUTO_IS_NULL=0[0m


Processing FeedsController#create to xml (for 127.0.0.1 at 2009-10-08 01:33:14) [POST]
  Parameters: {"feed"=>{"is_blog"=>"true", "url"=>"http://www.ggoogle.com/", "website"=>"www.google.com", "publication"=>"pp", "id"=>"1", "is_opinion"=>"false", "language_code"=>"en", "source_id"=>"1", "is_video"=>"false", "subscription_type"=>"public"}}
  [4;36;1mLanguage Load (0.4ms)[0m   [0;1mSELECT * FROM `languages` WHERE (`languages`.`code` = 'en') LIMIT 1[0m
WARNING: Can't mass-assign these protected attributes: id
  [4;35;1mSQL (0.3ms)[0m   [0mBEGIN[0m
  [4;36;1mFeed Load (0.3ms)[0m   [0;1mSELECT `feeds`.id FROM `feeds` WHERE (`feeds`.`id` = 1) LIMIT 1[0m
  [4;35;1mSQL (0.3ms)[0m   [0mROLLBACK[0m
Completed in 50ms (View: 26, DB: 2) | 422 Unprocessable Entity [http://localhost/feeds.xml]
  [4;36;1mSQL (0.2ms)[0m   [0;1mSET NAMES 'utf8'[0m
  [4;35;1mSQL (0.2ms)[0m   [0mSET SQL_AUTO_IS_NULL=0[0m


Processing FeedsController#create to xml (for 127.0.0.1 at 2009-10-08 01:34:10) [POST]
  Parameters: {"feed"=>{"is_blog"=>"true", "url"=>"http://www.ggoogle.com/", "website"=>"www.google.com", "publication"=>"pp", "id"=>"1", "is_opinion"=>"false", "language_code"=>"en", "source_id"=>"1", "is_video"=>"false", "subscription_type"=>"public"}}
  [4;36;1mLanguage Load (0.4ms)[0m   [0;1mSELECT * FROM `languages` WHERE (`languages`.`code` = 'en') LIMIT 1[0m
WARNING: Can't mass-assign these protected attributes: id
  [4;35;1mSQL (0.3ms)[0m   [0mBEGIN[0m
  [4;36;1mFeed Load (0.3ms)[0m   [0;1mSELECT `feeds`.id FROM `feeds` WHERE (`feeds`.`id` = 1) LIMIT 1[0m
  [4;35;1mSQL (0.3ms)[0m   [0mROLLBACK[0m
Completed in 51ms (View: 26, DB: 2) | 422 Unprocessable Entity [http://localhost/feeds.xml]
  [4;36;1mSQL (0.3ms)[0m   [0;1mSET NAMES 'utf8'[0m
  [4;35;1mSQL (0.2ms)[0m   [0mSET SQL_AUTO_IS_NULL=0[0m


Processing FeedsController#create to xml (for 127.0.0.1 at 2009-10-08 01:34:36) [POST]
  Parameters: {"feed"=>{"is_blog"=>"true", "url"=>"http://www.ggoogle.com/", "website"=>"www.google.com", "publication"=>"pp", "id"=>"1", "is_opinion"=>"false", "language_code"=>"en", "source_id"=>"1", "is_video"=>"false", "subscription_type"=>"public"}}
  [4;36;1mLanguage Columns (1.8ms)[0m   [0;1mSHOW FIELDS FROM `languages`[0m
  [4;35;1mLanguage Load (0.3ms)[0m   [0mSELECT * FROM `languages` WHERE (`languages`.`code` = 'en') LIMIT 1[0m
  [4;36;1mFeed Columns (2.3ms)[0m   [0;1mSHOW FIELDS FROM `feeds`[0m
WARNING: Can't mass-assign these protected attributes: id
  [4;35;1mSQL (0.3ms)[0m   [0mBEGIN[0m
  [4;36;1mFeed Load (0.3ms)[0m   [0;1mSELECT `feeds`.id FROM `feeds` WHERE (`feeds`.`id` = 1) LIMIT 1[0m
  [4;35;1mFeed Create (0.7ms)[0m   [0mINSERT INTO `feeds` (`is_blog`, `url`, `publication`, `website`, `id`, `is_opinion`, `language_id`, `source_id`, `is_video`, `subscription_type`) VALUES(1, 'http://www.ggoogle.com/', 'pp', 'www.google.com', 1, 0, 38, 1, 0, 'public')[0m
  [4;36;1mSQL (3.9ms)[0m   [0;1mCOMMIT[0m
Completed in 106ms (View: 18, DB: 10) | 201 Created [http://localhost/feeds.xml]
